[INFO] 2024-06-12 19:05:09,888 utils.LoggerHandler info - Goibibo report generated
[INFO] 2024-06-12 19:05:11,868 utils.LoggerHandler info - Chrome browser is set up
[INFO] 2024-06-12 19:05:15,701 utils.LoggerHandler info - Click on Popup Cancellation Button
[INFO] 2024-06-12 19:05:15,823 utils.LoggerHandler info - Click on Offers Pop up Cancellation Button
[INFO] 2024-06-12 19:05:15,929 utils.LoggerHandler info - Click on From Box
[INFO] 2024-06-12 19:05:16,637 utils.LoggerHandler info - Enter Mumbai
[INFO] 2024-06-12 19:05:17,727 utils.LoggerHandler info - Enter Mumbai
[INFO] 2024-06-12 19:05:17,808 utils.LoggerHandler info - Enter Delhi
[INFO] 2024-06-12 19:05:18,894 utils.LoggerHandler info - Press Enter on Delhi
[INFO] 2024-06-12 19:05:19,020 utils.LoggerHandler info - Click on Departure
[INFO] 2024-06-12 19:05:20,128 utils.LoggerHandler info - Click on 15th June
[INFO] 2024-06-12 19:05:20,252 utils.LoggerHandler info - Click on Return
[INFO] 2024-06-12 19:05:21,342 utils.LoggerHandler info - Click on 20th June
[INFO] 2024-06-12 19:05:21,438 utils.LoggerHandler info - Click on Travellers
[INFO] 2024-06-12 19:05:21,536 utils.LoggerHandler info - Increase Child Count 
[INFO] 2024-06-12 19:05:21,656 utils.LoggerHandler info - Click on Economy
[INFO] 2024-06-12 19:05:21,799 utils.LoggerHandler info - Click on Done
[INFO] 2024-06-12 19:05:22,714 utils.LoggerHandler info - Click on Search Flights
[INFO] 2024-06-12 19:05:22,726 utils.LoggerHandler info - Verify the Title
[INFO] 2024-06-12 19:05:24,652 utils.LoggerHandler info - Click on Trains
[INFO] 2024-06-12 19:05:26,682 utils.LoggerHandler info - Click on From Trains Box
[INFO] 2024-06-12 19:05:27,836 utils.LoggerHandler info - Enter Train From Mumbai
[INFO] 2024-06-12 19:05:28,910 utils.LoggerHandler info - Click on Mumbai
[INFO] 2024-06-12 19:05:29,975 utils.LoggerHandler info - Click on Trains to Box
[INFO] 2024-06-12 19:05:31,107 utils.LoggerHandler info - Enter Trains for Pune
[INFO] 2024-06-12 19:05:32,215 utils.LoggerHandler info - Click on Pune All Staions
[INFO] 2024-06-12 19:05:33,261 utils.LoggerHandler info - Click on 16th June
[INFO] 2024-06-12 19:05:33,371 utils.LoggerHandler info - Scroll to Search Trains & Click on it
[DEBUG] 2024-06-12 19:05:34,800 freemarker.cache debug - Couldn't find template in cache for "spark/spark.spa.ftl"("en_IN", UTF-8, parsed); will try to load it.
[DEBUG] 2024-06-12 19:05:34,800 freemarker.cache debug - TemplateLoader.findTemplateSource("spark/spark.spa_en_IN.ftl"): Not found
[DEBUG] 2024-06-12 19:05:34,810 freemarker.cache debug - TemplateLoader.findTemplateSource("spark/spark.spa_en.ftl"): Not found
[DEBUG] 2024-06-12 19:05:34,810 freemarker.cache debug - TemplateLoader.findTemplateSource("spark/spark.spa.ftl"): Found
[DEBUG] 2024-06-12 19:05:34,814 freemarker.cache debug - Loading template for "spark/spark.spa.ftl"("en_IN", UTF-8, parsed) from "jar:file:/C:/Users/10740061/.m2/repository/com/aventstack/extentreports/5.1.1/extentreports-5.1.1.jar!/com/aventstack/extentreports/templates/spark/spark.spa.ftl"
[DEBUG] 2024-06-12 19:05:34,990 freemarker.cache debug - Couldn't find template in cache for "commons/commons-variables.ftl"("en_IN", UTF-8, parsed); will try to load it.
[DEBUG] 2024-06-12 19:05:34,990 freemarker.cache debug - TemplateLoader.findTemplateSource("commons/commons-variables_en_IN.ftl"): Not found
[DEBUG] 2024-06-12 19:05:34,999 freemarker.cache debug - TemplateLoader.findTemplateSource("commons/commons-variables_en.ftl"): Not found
[DEBUG] 2024-06-12 19:05:34,999 freemarker.cache debug - TemplateLoader.findTemplateSource("commons/commons-variables.ftl"): Found
[DEBUG] 2024-06-12 19:05:34,999 freemarker.cache debug - Loading template for "commons/commons-variables.ftl"("en_IN", UTF-8, parsed) from "jar:file:/C:/Users/10740061/.m2/repository/com/aventstack/extentreports/5.1.1/extentreports-5.1.1.jar!/com/aventstack/extentreports/templates/commons/commons-variables.ftl"
[DEBUG] 2024-06-12 19:05:35,274 freemarker.cache debug - Couldn't find template in cache for "commons/commons-macros.ftl"("en_IN", UTF-8, parsed); will try to load it.
[DEBUG] 2024-06-12 19:05:35,290 freemarker.cache debug - TemplateLoader.findTemplateSource("commons/commons-macros_en_IN.ftl"): Not found
[DEBUG] 2024-06-12 19:05:35,290 freemarker.cache debug - TemplateLoader.findTemplateSource("commons/commons-macros_en.ftl"): Not found
[DEBUG] 2024-06-12 19:05:35,290 freemarker.cache debug - TemplateLoader.findTemplateSource("commons/commons-macros.ftl"): Found
[DEBUG] 2024-06-12 19:05:35,290 freemarker.cache debug - Loading template for "commons/commons-macros.ftl"("en_IN", UTF-8, parsed) from "jar:file:/C:/Users/10740061/.m2/repository/com/aventstack/extentreports/5.1.1/extentreports-5.1.1.jar!/com/aventstack/extentreports/templates/commons/commons-macros.ftl"
[DEBUG] 2024-06-12 19:05:35,322 freemarker.cache debug - Couldn't find template in cache for "spark/macros/attributes.ftl"("en_IN", UTF-8, parsed); will try to load it.
[DEBUG] 2024-06-12 19:05:35,322 freemarker.cache debug - TemplateLoader.findTemplateSource("spark/macros/attributes_en_IN.ftl"): Not found
[DEBUG] 2024-06-12 19:05:35,322 freemarker.cache debug - TemplateLoader.findTemplateSource("spark/macros/attributes_en.ftl"): Not found
[DEBUG] 2024-06-12 19:05:35,322 freemarker.cache debug - TemplateLoader.findTemplateSource("spark/macros/attributes.ftl"): Found
[DEBUG] 2024-06-12 19:05:35,322 freemarker.cache debug - Loading template for "spark/macros/attributes.ftl"("en_IN", UTF-8, parsed) from "jar:file:/C:/Users/10740061/.m2/repository/com/aventstack/extentreports/5.1.1/extentreports-5.1.1.jar!/com/aventstack/extentreports/templates/spark/macros/attributes.ftl"
[DEBUG] 2024-06-12 19:05:35,337 freemarker.cache debug - Couldn't find template in cache for "spark/macros/log.ftl"("en_IN", UTF-8, parsed); will try to load it.
[DEBUG] 2024-06-12 19:05:35,337 freemarker.cache debug - TemplateLoader.findTemplateSource("spark/macros/log_en_IN.ftl"): Not found
[DEBUG] 2024-06-12 19:05:35,337 freemarker.cache debug - TemplateLoader.findTemplateSource("spark/macros/log_en.ftl"): Not found
[DEBUG] 2024-06-12 19:05:35,337 freemarker.cache debug - TemplateLoader.findTemplateSource("spark/macros/log.ftl"): Found
[DEBUG] 2024-06-12 19:05:35,337 freemarker.cache debug - Loading template for "spark/macros/log.ftl"("en_IN", UTF-8, parsed) from "jar:file:/C:/Users/10740061/.m2/repository/com/aventstack/extentreports/5.1.1/extentreports-5.1.1.jar!/com/aventstack/extentreports/templates/spark/macros/log.ftl"
[DEBUG] 2024-06-12 19:05:35,344 freemarker.cache debug - Couldn't find template in cache for "spark/macros/recurse_nodes.ftl"("en_IN", UTF-8, parsed); will try to load it.
[DEBUG] 2024-06-12 19:05:35,344 freemarker.cache debug - TemplateLoader.findTemplateSource("spark/macros/recurse_nodes_en_IN.ftl"): Not found
[DEBUG] 2024-06-12 19:05:35,344 freemarker.cache debug - TemplateLoader.findTemplateSource("spark/macros/recurse_nodes_en.ftl"): Not found
[DEBUG] 2024-06-12 19:05:35,344 freemarker.cache debug - TemplateLoader.findTemplateSource("spark/macros/recurse_nodes.ftl"): Found
[DEBUG] 2024-06-12 19:05:35,344 freemarker.cache debug - Loading template for "spark/macros/recurse_nodes.ftl"("en_IN", UTF-8, parsed) from "jar:file:/C:/Users/10740061/.m2/repository/com/aventstack/extentreports/5.1.1/extentreports-5.1.1.jar!/com/aventstack/extentreports/templates/spark/macros/recurse_nodes.ftl"
[DEBUG] 2024-06-12 19:05:35,353 freemarker.cache debug - "spark/macros/log.ftl"("en_IN", UTF-8, parsed) cached copy not yet stale; using cached.
[DEBUG] 2024-06-12 19:05:35,353 freemarker.cache debug - Couldn't find template in cache for "spark/macros/attr-common.ftl"("en_IN", UTF-8, parsed); will try to load it.
[DEBUG] 2024-06-12 19:05:35,353 freemarker.cache debug - TemplateLoader.findTemplateSource("spark/macros/attr-common_en_IN.ftl"): Not found
[DEBUG] 2024-06-12 19:05:35,353 freemarker.cache debug - TemplateLoader.findTemplateSource("spark/macros/attr-common_en.ftl"): Not found
[DEBUG] 2024-06-12 19:05:35,353 freemarker.cache debug - TemplateLoader.findTemplateSource("spark/macros/attr-common.ftl"): Found
[DEBUG] 2024-06-12 19:05:35,368 freemarker.cache debug - Loading template for "spark/macros/attr-common.ftl"("en_IN", UTF-8, parsed) from "jar:file:/C:/Users/10740061/.m2/repository/com/aventstack/extentreports/5.1.1/extentreports-5.1.1.jar!/com/aventstack/extentreports/templates/spark/macros/attr-common.ftl"
[DEBUG] 2024-06-12 19:05:35,368 freemarker.cache debug - Couldn't find template in cache for "spark/partials/head.ftl"("en_IN", UTF-8, parsed); will try to load it.
[DEBUG] 2024-06-12 19:05:35,385 freemarker.cache debug - TemplateLoader.findTemplateSource("spark/partials/head_en_IN.ftl"): Not found
[DEBUG] 2024-06-12 19:05:35,385 freemarker.cache debug - TemplateLoader.findTemplateSource("spark/partials/head_en.ftl"): Not found
[DEBUG] 2024-06-12 19:05:35,385 freemarker.cache debug - TemplateLoader.findTemplateSource("spark/partials/head.ftl"): Found
[DEBUG] 2024-06-12 19:05:35,385 freemarker.cache debug - Loading template for "spark/partials/head.ftl"("en_IN", UTF-8, parsed) from "jar:file:/C:/Users/10740061/.m2/repository/com/aventstack/extentreports/5.1.1/extentreports-5.1.1.jar!/com/aventstack/extentreports/templates/spark/partials/head.ftl"
[DEBUG] 2024-06-12 19:05:35,401 freemarker.cache debug - Couldn't find template in cache for "commons/commons-inject-css.ftl"("en_IN", UTF-8, parsed); will try to load it.
[DEBUG] 2024-06-12 19:05:35,401 freemarker.cache debug - TemplateLoader.findTemplateSource("commons/commons-inject-css_en_IN.ftl"): Not found
[DEBUG] 2024-06-12 19:05:35,401 freemarker.cache debug - TemplateLoader.findTemplateSource("commons/commons-inject-css_en.ftl"): Not found
[DEBUG] 2024-06-12 19:05:35,401 freemarker.cache debug - TemplateLoader.findTemplateSource("commons/commons-inject-css.ftl"): Found
[DEBUG] 2024-06-12 19:05:35,401 freemarker.cache debug - Loading template for "commons/commons-inject-css.ftl"("en_IN", UTF-8, parsed) from "jar:file:/C:/Users/10740061/.m2/repository/com/aventstack/extentreports/5.1.1/extentreports-5.1.1.jar!/com/aventstack/extentreports/templates/commons/commons-inject-css.ftl"
[DEBUG] 2024-06-12 19:05:35,401 freemarker.cache debug - Couldn't find template in cache for "spark/partials/navbar.ftl"("en_IN", UTF-8, parsed); will try to load it.
[DEBUG] 2024-06-12 19:05:35,401 freemarker.cache debug - TemplateLoader.findTemplateSource("spark/partials/navbar_en_IN.ftl"): Not found
[DEBUG] 2024-06-12 19:05:35,401 freemarker.cache debug - TemplateLoader.findTemplateSource("spark/partials/navbar_en.ftl"): Not found
[DEBUG] 2024-06-12 19:05:35,401 freemarker.cache debug - TemplateLoader.findTemplateSource("spark/partials/navbar.ftl"): Found
[DEBUG] 2024-06-12 19:05:35,401 freemarker.cache debug - Loading template for "spark/partials/navbar.ftl"("en_IN", UTF-8, parsed) from "jar:file:/C:/Users/10740061/.m2/repository/com/aventstack/extentreports/5.1.1/extentreports-5.1.1.jar!/com/aventstack/extentreports/templates/spark/partials/navbar.ftl"
[DEBUG] 2024-06-12 19:05:35,431 freemarker.cache debug - Couldn't find template in cache for "spark/partials/sidenav.ftl"("en_IN", UTF-8, parsed); will try to load it.
[DEBUG] 2024-06-12 19:05:35,431 freemarker.cache debug - TemplateLoader.findTemplateSource("spark/partials/sidenav_en_IN.ftl"): Not found
[DEBUG] 2024-06-12 19:05:35,431 freemarker.cache debug - TemplateLoader.findTemplateSource("spark/partials/sidenav_en.ftl"): Not found
[DEBUG] 2024-06-12 19:05:35,439 freemarker.cache debug - TemplateLoader.findTemplateSource("spark/partials/sidenav.ftl"): Found
[DEBUG] 2024-06-12 19:05:35,439 freemarker.cache debug - Loading template for "spark/partials/sidenav.ftl"("en_IN", UTF-8, parsed) from "jar:file:/C:/Users/10740061/.m2/repository/com/aventstack/extentreports/5.1.1/extentreports-5.1.1.jar!/com/aventstack/extentreports/templates/spark/partials/sidenav.ftl"
[DEBUG] 2024-06-12 19:05:35,463 freemarker.cache debug - Couldn't find template in cache for "spark/partials/test.ftl"("en_IN", UTF-8, parsed); will try to load it.
[DEBUG] 2024-06-12 19:05:35,463 freemarker.cache debug - TemplateLoader.findTemplateSource("spark/partials/test_en_IN.ftl"): Not found
[DEBUG] 2024-06-12 19:05:35,463 freemarker.cache debug - TemplateLoader.findTemplateSource("spark/partials/test_en.ftl"): Not found
[DEBUG] 2024-06-12 19:05:35,463 freemarker.cache debug - TemplateLoader.findTemplateSource("spark/partials/test.ftl"): Found
[DEBUG] 2024-06-12 19:05:35,463 freemarker.cache debug - Loading template for "spark/partials/test.ftl"("en_IN", UTF-8, parsed) from "jar:file:/C:/Users/10740061/.m2/repository/com/aventstack/extentreports/5.1.1/extentreports-5.1.1.jar!/com/aventstack/extentreports/templates/spark/partials/test.ftl"
[DEBUG] 2024-06-12 19:05:35,495 freemarker.cache debug - Couldn't find template in cache for "spark/partials/standard-content.ftl"("en_IN", UTF-8, parsed); will try to load it.
[DEBUG] 2024-06-12 19:05:35,495 freemarker.cache debug - TemplateLoader.findTemplateSource("spark/partials/standard-content_en_IN.ftl"): Not found
[DEBUG] 2024-06-12 19:05:35,495 freemarker.cache debug - TemplateLoader.findTemplateSource("spark/partials/standard-content_en.ftl"): Not found
[DEBUG] 2024-06-12 19:05:35,505 freemarker.cache debug - TemplateLoader.findTemplateSource("spark/partials/standard-content.ftl"): Found
[DEBUG] 2024-06-12 19:05:35,505 freemarker.cache debug - Loading template for "spark/partials/standard-content.ftl"("en_IN", UTF-8, parsed) from "jar:file:/C:/Users/10740061/.m2/repository/com/aventstack/extentreports/5.1.1/extentreports-5.1.1.jar!/com/aventstack/extentreports/templates/spark/partials/standard-content.ftl"
[DEBUG] 2024-06-12 19:05:35,510 freemarker.cache debug - Couldn't find template in cache for "spark/partials/exception.ftl"("en_IN", UTF-8, parsed); will try to load it.
[DEBUG] 2024-06-12 19:05:35,526 freemarker.cache debug - TemplateLoader.findTemplateSource("spark/partials/exception_en_IN.ftl"): Not found
[DEBUG] 2024-06-12 19:05:35,526 freemarker.cache debug - TemplateLoader.findTemplateSource("spark/partials/exception_en.ftl"): Not found
[DEBUG] 2024-06-12 19:05:35,526 freemarker.cache debug - TemplateLoader.findTemplateSource("spark/partials/exception.ftl"): Found
[DEBUG] 2024-06-12 19:05:35,526 freemarker.cache debug - Loading template for "spark/partials/exception.ftl"("en_IN", UTF-8, parsed) from "jar:file:/C:/Users/10740061/.m2/repository/com/aventstack/extentreports/5.1.1/extentreports-5.1.1.jar!/com/aventstack/extentreports/templates/spark/partials/exception.ftl"
[DEBUG] 2024-06-12 19:05:35,526 freemarker.cache debug - Couldn't find template in cache for "spark/partials/category.ftl"("en_IN", UTF-8, parsed); will try to load it.
[DEBUG] 2024-06-12 19:05:35,526 freemarker.cache debug - TemplateLoader.findTemplateSource("spark/partials/category_en_IN.ftl"): Not found
[DEBUG] 2024-06-12 19:05:35,542 freemarker.cache debug - TemplateLoader.findTemplateSource("spark/partials/category_en.ftl"): Not found
[DEBUG] 2024-06-12 19:05:35,542 freemarker.cache debug - TemplateLoader.findTemplateSource("spark/partials/category.ftl"): Found
[DEBUG] 2024-06-12 19:05:35,545 freemarker.cache debug - Loading template for "spark/partials/category.ftl"("en_IN", UTF-8, parsed) from "jar:file:/C:/Users/10740061/.m2/repository/com/aventstack/extentreports/5.1.1/extentreports-5.1.1.jar!/com/aventstack/extentreports/templates/spark/partials/category.ftl"
[DEBUG] 2024-06-12 19:05:35,553 freemarker.cache debug - Couldn't find template in cache for "spark/partials/device.ftl"("en_IN", UTF-8, parsed); will try to load it.
[DEBUG] 2024-06-12 19:05:35,553 freemarker.cache debug - TemplateLoader.findTemplateSource("spark/partials/device_en_IN.ftl"): Not found
[DEBUG] 2024-06-12 19:05:35,553 freemarker.cache debug - TemplateLoader.findTemplateSource("spark/partials/device_en.ftl"): Not found
[DEBUG] 2024-06-12 19:05:35,553 freemarker.cache debug - TemplateLoader.findTemplateSource("spark/partials/device.ftl"): Found
[DEBUG] 2024-06-12 19:05:35,558 freemarker.cache debug - Loading template for "spark/partials/device.ftl"("en_IN", UTF-8, parsed) from "jar:file:/C:/Users/10740061/.m2/repository/com/aventstack/extentreports/5.1.1/extentreports-5.1.1.jar!/com/aventstack/extentreports/templates/spark/partials/device.ftl"
[DEBUG] 2024-06-12 19:05:35,558 freemarker.cache debug - Couldn't find template in cache for "spark/partials/author.ftl"("en_IN", UTF-8, parsed); will try to load it.
[DEBUG] 2024-06-12 19:05:35,558 freemarker.cache debug - TemplateLoader.findTemplateSource("spark/partials/author_en_IN.ftl"): Not found
[DEBUG] 2024-06-12 19:05:35,558 freemarker.cache debug - TemplateLoader.findTemplateSource("spark/partials/author_en.ftl"): Not found
[DEBUG] 2024-06-12 19:05:35,558 freemarker.cache debug - TemplateLoader.findTemplateSource("spark/partials/author.ftl"): Found
[DEBUG] 2024-06-12 19:05:35,558 freemarker.cache debug - Loading template for "spark/partials/author.ftl"("en_IN", UTF-8, parsed) from "jar:file:/C:/Users/10740061/.m2/repository/com/aventstack/extentreports/5.1.1/extentreports-5.1.1.jar!/com/aventstack/extentreports/templates/spark/partials/author.ftl"
[DEBUG] 2024-06-12 19:05:35,558 freemarker.cache debug - Couldn't find template in cache for "spark/partials/log.ftl"("en_IN", UTF-8, parsed); will try to load it.
[DEBUG] 2024-06-12 19:05:35,558 freemarker.cache debug - TemplateLoader.findTemplateSource("spark/partials/log_en_IN.ftl"): Not found
[DEBUG] 2024-06-12 19:05:35,558 freemarker.cache debug - TemplateLoader.findTemplateSource("spark/partials/log_en.ftl"): Not found
[DEBUG] 2024-06-12 19:05:35,573 freemarker.cache debug - TemplateLoader.findTemplateSource("spark/partials/log.ftl"): Found
[DEBUG] 2024-06-12 19:05:35,573 freemarker.cache debug - Loading template for "spark/partials/log.ftl"("en_IN", UTF-8, parsed) from "jar:file:/C:/Users/10740061/.m2/repository/com/aventstack/extentreports/5.1.1/extentreports-5.1.1.jar!/com/aventstack/extentreports/templates/spark/partials/log.ftl"
[DEBUG] 2024-06-12 19:05:35,573 freemarker.cache debug - Couldn't find template in cache for "spark/partials/dashboard.ftl"("en_IN", UTF-8, parsed); will try to load it.
[DEBUG] 2024-06-12 19:05:35,573 freemarker.cache debug - TemplateLoader.findTemplateSource("spark/partials/dashboard_en_IN.ftl"): Not found
[DEBUG] 2024-06-12 19:05:35,573 freemarker.cache debug - TemplateLoader.findTemplateSource("spark/partials/dashboard_en.ftl"): Not found
[DEBUG] 2024-06-12 19:05:35,573 freemarker.cache debug - TemplateLoader.findTemplateSource("spark/partials/dashboard.ftl"): Found
[DEBUG] 2024-06-12 19:05:35,573 freemarker.cache debug - Loading template for "spark/partials/dashboard.ftl"("en_IN", UTF-8, parsed) from "jar:file:/C:/Users/10740061/.m2/repository/com/aventstack/extentreports/5.1.1/extentreports-5.1.1.jar!/com/aventstack/extentreports/templates/spark/partials/dashboard.ftl"
[DEBUG] 2024-06-12 19:05:35,672 freemarker.cache debug - Couldn't find template in cache for "spark/partials/scripts.ftl"("en_IN", UTF-8, parsed); will try to load it.
[DEBUG] 2024-06-12 19:05:35,673 freemarker.cache debug - TemplateLoader.findTemplateSource("spark/partials/scripts_en_IN.ftl"): Not found
[DEBUG] 2024-06-12 19:05:35,675 freemarker.cache debug - TemplateLoader.findTemplateSource("spark/partials/scripts_en.ftl"): Not found
[DEBUG] 2024-06-12 19:05:35,676 freemarker.cache debug - TemplateLoader.findTemplateSource("spark/partials/scripts.ftl"): Found
[DEBUG] 2024-06-12 19:05:35,676 freemarker.cache debug - Loading template for "spark/partials/scripts.ftl"("en_IN", UTF-8, parsed) from "jar:file:/C:/Users/10740061/.m2/repository/com/aventstack/extentreports/5.1.1/extentreports-5.1.1.jar!/com/aventstack/extentreports/templates/spark/partials/scripts.ftl"
[DEBUG] 2024-06-12 19:05:35,677 freemarker.cache debug - Couldn't find template in cache for "commons/commons-inject-js.ftl"("en_IN", UTF-8, parsed); will try to load it.
[DEBUG] 2024-06-12 19:05:35,678 freemarker.cache debug - TemplateLoader.findTemplateSource("commons/commons-inject-js_en_IN.ftl"): Not found
[DEBUG] 2024-06-12 19:05:35,678 freemarker.cache debug - TemplateLoader.findTemplateSource("commons/commons-inject-js_en.ftl"): Not found
[DEBUG] 2024-06-12 19:05:35,680 freemarker.cache debug - TemplateLoader.findTemplateSource("commons/commons-inject-js.ftl"): Found
[DEBUG] 2024-06-12 19:05:35,683 freemarker.cache debug - Loading template for "commons/commons-inject-js.ftl"("en_IN", UTF-8, parsed) from "jar:file:/C:/Users/10740061/.m2/repository/com/aventstack/extentreports/5.1.1/extentreports-5.1.1.jar!/com/aventstack/extentreports/templates/commons/commons-inject-js.ftl"
[DEBUG] 2024-06-12 19:05:35,689 freemarker.cache debug - "spark/spark.spa.ftl"("en_IN", UTF-8, parsed) cached copy not yet stale; using cached.
[DEBUG] 2024-06-12 19:05:35,689 freemarker.cache debug - "commons/commons-variables.ftl"("en_IN", UTF-8, parsed) cached copy not yet stale; using cached.
[DEBUG] 2024-06-12 19:05:35,689 freemarker.cache debug - "commons/commons-macros.ftl"("en_IN", UTF-8, parsed) cached copy not yet stale; using cached.
[DEBUG] 2024-06-12 19:05:35,689 freemarker.cache debug - "spark/macros/attributes.ftl"("en_IN", UTF-8, parsed) cached copy not yet stale; using cached.
[DEBUG] 2024-06-12 19:05:35,689 freemarker.cache debug - "spark/macros/log.ftl"("en_IN", UTF-8, parsed) cached copy not yet stale; using cached.
[DEBUG] 2024-06-12 19:05:35,689 freemarker.cache debug - "spark/macros/recurse_nodes.ftl"("en_IN", UTF-8, parsed) cached copy not yet stale; using cached.
[DEBUG] 2024-06-12 19:05:35,689 freemarker.cache debug - "spark/macros/log.ftl"("en_IN", UTF-8, parsed) cached copy not yet stale; using cached.
[DEBUG] 2024-06-12 19:05:35,689 freemarker.cache debug - "spark/macros/attr-common.ftl"("en_IN", UTF-8, parsed) cached copy not yet stale; using cached.
[DEBUG] 2024-06-12 19:05:35,695 freemarker.cache debug - "spark/partials/head.ftl"("en_IN", UTF-8, parsed) cached copy not yet stale; using cached.
[DEBUG] 2024-06-12 19:05:35,695 freemarker.cache debug - "commons/commons-inject-css.ftl"("en_IN", UTF-8, parsed) cached copy not yet stale; using cached.
[DEBUG] 2024-06-12 19:05:35,695 freemarker.cache debug - "spark/partials/navbar.ftl"("en_IN", UTF-8, parsed) cached copy not yet stale; using cached.
[DEBUG] 2024-06-12 19:05:35,695 freemarker.cache debug - "spark/partials/sidenav.ftl"("en_IN", UTF-8, parsed) cached copy not yet stale; using cached.
[DEBUG] 2024-06-12 19:05:35,700 freemarker.cache debug - "spark/partials/test.ftl"("en_IN", UTF-8, parsed) cached copy not yet stale; using cached.
[DEBUG] 2024-06-12 19:05:35,700 freemarker.cache debug - "spark/partials/standard-content.ftl"("en_IN", UTF-8, parsed) cached copy not yet stale; using cached.
[DEBUG] 2024-06-12 19:05:35,700 freemarker.cache debug - "spark/partials/exception.ftl"("en_IN", UTF-8, parsed) cached copy not yet stale; using cached.
[DEBUG] 2024-06-12 19:05:35,700 freemarker.cache debug - "spark/partials/category.ftl"("en_IN", UTF-8, parsed) cached copy not yet stale; using cached.
[DEBUG] 2024-06-12 19:05:35,700 freemarker.cache debug - "spark/partials/device.ftl"("en_IN", UTF-8, parsed) cached copy not yet stale; using cached.
[DEBUG] 2024-06-12 19:05:35,700 freemarker.cache debug - "spark/partials/author.ftl"("en_IN", UTF-8, parsed) cached copy not yet stale; using cached.
[DEBUG] 2024-06-12 19:05:35,700 freemarker.cache debug - "spark/partials/log.ftl"("en_IN", UTF-8, parsed) cached copy not yet stale; using cached.
[DEBUG] 2024-06-12 19:05:35,700 freemarker.cache debug - "spark/partials/dashboard.ftl"("en_IN", UTF-8, parsed) cached copy not yet stale; using cached.
[DEBUG] 2024-06-12 19:05:35,716 freemarker.cache debug - "spark/partials/scripts.ftl"("en_IN", UTF-8, parsed) cached copy not yet stale; using cached.
[DEBUG] 2024-06-12 19:05:35,716 freemarker.cache debug - "commons/commons-inject-js.ftl"("en_IN", UTF-8, parsed) cached copy not yet stale; using cached.
