[INFO] 2024-06-12 18:45:17,244 utils.LoggerHandler info - Goibibo report generated
[INFO] 2024-06-12 18:45:19,254 utils.LoggerHandler info - Chrome browser is set up
[INFO] 2024-06-12 18:45:23,786 utils.LoggerHandler info - Click on Login Pop Up
[INFO] 2024-06-12 18:45:23,872 utils.LoggerHandler info - Click on Offers Pop Up
[INFO] 2024-06-12 18:45:27,122 utils.LoggerHandler info - Click on Hotels Section
[INFO] 2024-06-12 18:45:27,370 utils.LoggerHandler info - Click on India Radio Button
[INFO] 2024-06-12 18:45:27,524 utils.LoggerHandler info - Click on Input Search Bar
[INFO] 2024-06-12 18:45:29,000 utils.LoggerHandler info - Entered value in search bar
[INFO] 2024-06-12 18:45:29,057 utils.LoggerHandler info - Perform Arrow Down Action in Search Bar
[INFO] 2024-06-12 18:45:30,231 utils.LoggerHandler info - Perform Enter Action in Input Search Bar
[INFO] 2024-06-12 18:45:30,354 utils.LoggerHandler info - Click on calendar
[INFO] 2024-06-12 18:45:30,447 utils.LoggerHandler info - Click on 20th June
[INFO] 2024-06-12 18:45:30,572 utils.LoggerHandler info - Click on 23rd June
[INFO] 2024-06-12 18:45:30,691 utils.LoggerHandler info - Click on guests and rooms
[INFO] 2024-06-12 18:45:30,775 utils.LoggerHandler info - Increment child count by one
[INFO] 2024-06-12 18:45:30,858 utils.LoggerHandler info - Click On child age option
[INFO] 2024-06-12 18:45:30,934 utils.LoggerHandler info - Click On child age 3
[INFO] 2024-06-12 18:45:31,051 utils.LoggerHandler info - Click On Done Button
[INFO] 2024-06-12 18:45:31,218 utils.LoggerHandler info - Click On Search Button
[INFO] 2024-06-12 18:45:32,924 utils.LoggerHandler info - Click on Customer Rating 4.5
[INFO] 2024-06-12 18:45:33,065 utils.LoggerHandler info - Click on Free Breakfast Included
[INFO] 2024-06-12 18:45:33,158 utils.LoggerHandler info - Click on First Hotel
[INFO] 2024-06-12 18:45:33,187 utils.LoggerHandler info - Tab Switch to Hotels Search Page
[INFO] 2024-06-12 18:45:36,485 utils.LoggerHandler info - Click on Free Cancelation
[INFO] 2024-06-12 18:45:36,659 utils.LoggerHandler info - Click on Select Room Button
[INFO] 2024-06-12 18:45:38,382 utils.LoggerHandler info - Click on Hotels Button
[INFO] 2024-06-12 18:45:39,055 utils.LoggerHandler info - Click on India Radio Button
[INFO] 2024-06-12 18:45:39,104 utils.LoggerHandler info - Click on Input Search Bar
[INFO] 2024-06-12 18:45:39,293 utils.LoggerHandler info - Entered value in search bar
[INFO] 2024-06-12 18:45:39,333 utils.LoggerHandler info - Perform Arrow Down in Input Search Bar
[INFO] 2024-06-12 18:45:40,435 utils.LoggerHandler info - Perform Enter Action in Input Search Bar
[INFO] 2024-06-12 18:45:40,513 utils.LoggerHandler info - Click on calendar
[INFO] 2024-06-12 18:45:40,585 utils.LoggerHandler info - Click on 12th June
[INFO] 2024-06-12 18:45:40,652 utils.LoggerHandler info - Click on 15th June
[INFO] 2024-06-12 18:45:40,769 utils.LoggerHandler info - Click on guests and rooms
[INFO] 2024-06-12 18:45:40,858 utils.LoggerHandler info - Decrement child count by one
[INFO] 2024-06-12 18:45:40,937 utils.LoggerHandler info - Increment child count by one
[INFO] 2024-06-12 18:45:41,005 utils.LoggerHandler info - Click On child age option
[INFO] 2024-06-12 18:45:41,112 utils.LoggerHandler info - Click On child age 4
[INFO] 2024-06-12 18:45:41,210 utils.LoggerHandler info - Click On Done Button
[INFO] 2024-06-12 18:45:41,345 utils.LoggerHandler info - Click On Search Button
[INFO] 2024-06-12 18:45:43,229 utils.LoggerHandler info - Click on Clear Filters
[INFO] 2024-06-12 18:45:43,509 utils.LoggerHandler info - Click on Customer Rating 4.5
[INFO] 2024-06-12 18:45:43,654 utils.LoggerHandler info - Click on Free Breakfast Included
[INFO] 2024-06-12 18:45:43,737 utils.LoggerHandler info - Click on First Hotel
[INFO] 2024-06-12 18:45:43,792 utils.LoggerHandler info - Tab Switch to Hotels Search Page
[INFO] 2024-06-12 18:45:45,375 utils.LoggerHandler info - Chrome browser is set up
[INFO] 2024-06-12 18:45:48,775 utils.LoggerHandler info - Click on Login Pop Up
[INFO] 2024-06-12 18:45:48,896 utils.LoggerHandler info - Click on Offers Pop Up
[INFO] 2024-06-12 18:45:49,011 utils.LoggerHandler info - Click on Forex Section
[INFO] 2024-06-12 18:45:49,035 utils.LoggerHandler info - Tab Switch to Forex Cards & Currency Page
[INFO] 2024-06-12 18:45:52,365 utils.LoggerHandler info - Scrolled upto Multi Currency Option
[INFO] 2024-06-12 18:45:52,446 utils.LoggerHandler info - Fetched 'What is a Multi Currency Card Option' 
[INFO] 2024-06-12 18:45:52,479 utils.LoggerHandler info - Verified What is a Multi Currency Option
[INFO] 2024-06-12 18:45:56,373 utils.LoggerHandler info - Click on Login Pop Up
[INFO] 2024-06-12 18:45:56,562 utils.LoggerHandler info - Click on Offers Pop Up
[INFO] 2024-06-12 18:45:59,533 utils.LoggerHandler info - Clicked On More Links
[INFO] 2024-06-12 18:46:04,664 utils.LoggerHandler info - Verified 'Get started today for free!' 
[INFO] 2024-06-12 18:46:04,691 utils.LoggerHandler info - Tab Switched to New Extra Net
[INFO] 2024-06-12 18:46:06,535 utils.LoggerHandler info - Chrome browser is set up
[INFO] 2024-06-12 18:46:16,450 utils.LoggerHandler info - Trains option in the navigation bar is clicked
[INFO] 2024-06-12 18:46:16,667 utils.LoggerHandler info - The field 'From' in the trains page is clicked
[INFO] 2024-06-12 18:46:17,271 utils.LoggerHandler info - The text Coimbatore is entered in the 'From' field
[INFO] 2024-06-12 18:46:18,022 utils.LoggerHandler info - CBE, Coimbatore Main Junction is selected from the list
[INFO] 2024-06-12 18:46:18,129 utils.LoggerHandler info - The field 'To' in the trains page is clicked
[INFO] 2024-06-12 18:46:18,326 utils.LoggerHandler info - The text Chennai is entered in the 'To' field
[INFO] 2024-06-12 18:46:19,128 utils.LoggerHandler info - MAS, Chennai - All Stations is selected from the list
[INFO] 2024-06-12 18:46:19,200 utils.LoggerHandler info - Departure date is selected from the calendar
[INFO] 2024-06-12 18:46:19,352 utils.LoggerHandler info - Search Trains button is clicked
[INFO] 2024-06-12 18:46:21,183 utils.LoggerHandler info - Total number of trains available on the selected date is printed
[INFO] 2024-06-12 18:46:22,267 utils.LoggerHandler info - The field 'From' in the trains page is clicked
[INFO] 2024-06-12 18:46:22,524 utils.LoggerHandler info - The text Pune is entered in the 'From' field
[INFO] 2024-06-12 18:46:23,252 utils.LoggerHandler info - PUNE, Pune Junction is selected from the list
[INFO] 2024-06-12 18:46:23,323 utils.LoggerHandler info - The field 'To' in the trains page is clicked
[INFO] 2024-06-12 18:46:23,555 utils.LoggerHandler info - The text Mumbai is entered in the 'To' field
[INFO] 2024-06-12 18:46:24,323 utils.LoggerHandler info - CSTM, Mumbai CST is selected from the list
[INFO] 2024-06-12 18:46:24,394 utils.LoggerHandler info - Departure date is selected from the calendar
[INFO] 2024-06-12 18:46:24,582 utils.LoggerHandler info - Search Trains button is clicked
[INFO] 2024-06-12 18:46:26,599 utils.LoggerHandler info - Total number of trains available on the selected date is printed
[INFO] 2024-06-12 18:46:27,751 utils.LoggerHandler info - The field 'From' in the trains page is clicked
[INFO] 2024-06-12 18:46:27,966 utils.LoggerHandler info - The text Hyderabad is entered in the 'From' field
[INFO] 2024-06-12 18:46:28,626 utils.LoggerHandler info - HYB, Hyderabad Deccan is selected from the list
[INFO] 2024-06-12 18:46:28,727 utils.LoggerHandler info - The field 'To' in the trains page is clicked
[INFO] 2024-06-12 18:46:28,917 utils.LoggerHandler info - The text Goa is entered in the 'To' field
[INFO] 2024-06-12 18:46:29,702 utils.LoggerHandler info - MAO, Madgaon Junction is selected from the list
[INFO] 2024-06-12 18:46:29,816 utils.LoggerHandler info - Departure date is selected from the calendar
[INFO] 2024-06-12 18:46:30,003 utils.LoggerHandler info - Search Trains button is clicked
[INFO] 2024-06-12 18:46:31,353 utils.LoggerHandler info - Chrome browser is set up
[INFO] 2024-06-12 18:46:43,882 utils.LoggerHandler info - Cabs option in the navigation bar is clicked
[INFO] 2024-06-12 18:46:44,071 utils.LoggerHandler info - Airport transfer radio button in the cabs page is clicked
[INFO] 2024-06-12 18:46:44,208 utils.LoggerHandler info - The field 'From' in the cabs page is clicked
[INFO] 2024-06-12 18:46:44,468 utils.LoggerHandler info - The text Coimbatore International Airport is entered in the 'From' field
[INFO] 2024-06-12 18:46:45,132 utils.LoggerHandler info - Coimbatore International Airport is selected from the list
[INFO] 2024-06-12 18:46:45,252 utils.LoggerHandler info - The field 'To' in the cabs page is clicked
[INFO] 2024-06-12 18:46:45,458 utils.LoggerHandler info - The text Mettupalayam, Tamil Nadu, India
is entered in the 'To' field
[INFO] 2024-06-12 18:46:46,169 utils.LoggerHandler info - Mettupalayam, Tamil Nadu, India
 is selected from the list
[INFO] 2024-06-12 18:46:46,268 utils.LoggerHandler info - The field 'Pickup Date' is selected
[INFO] 2024-06-12 18:46:46,341 utils.LoggerHandler info - The Pickup date is selected from the calendar
[INFO] 2024-06-12 18:46:46,450 utils.LoggerHandler info - The field 'Pickup Time' is selected
[INFO] 2024-06-12 18:46:46,500 utils.LoggerHandler info - The Pickup time is selected from the drop down list
[INFO] 2024-06-12 18:46:46,610 utils.LoggerHandler info - Search cabs button is clicked
[INFO] 2024-06-12 18:46:46,636 utils.LoggerHandler info - Verifying the title of the Cabs Result Page
[INFO] 2024-06-12 18:46:49,344 utils.LoggerHandler info - Select the first cab in the Cabs result page
[INFO] 2024-06-12 18:46:49,792 utils.LoggerHandler info - The page is scrolled to the traveller's field
[INFO] 2024-06-12 18:46:49,902 utils.LoggerHandler info - Click on the 'Full Name' field in the Cabs payment page
[INFO] 2024-06-12 18:46:50,112 utils.LoggerHandler info - Full name of the traveller is entered in the 'Name' field
[INFO] 2024-06-12 18:46:50,190 utils.LoggerHandler info - Click on the 'Mobile number' field in the Cabs payment page
[INFO] 2024-06-12 18:46:50,483 utils.LoggerHandler info - Mobile Number of the traveller is entered in the 'Mobile Number' field
[INFO] 2024-06-12 18:46:50,573 utils.LoggerHandler info - Click on the 'Email' field in the Cabs payment page
[INFO] 2024-06-12 18:46:50,798 utils.LoggerHandler info - Email of the traveller is entered in the 'Email' field
[INFO] 2024-06-12 18:46:50,907 utils.LoggerHandler info - Click on the 'Confirm and Pay' button in the Cabs payment page
[INFO] 2024-06-12 18:46:56,619 utils.LoggerHandler info - The field 'From' in the cabs page is clicked
[INFO] 2024-06-12 18:46:56,824 utils.LoggerHandler info - The text Indira Gandhi International Airport, Delhi 
 is entered in the 'From' field
[INFO] 2024-06-12 18:46:57,560 utils.LoggerHandler info - Indira Gandhi International Airport, Delhi 
 is selected from the list
[INFO] 2024-06-12 18:46:57,656 utils.LoggerHandler info - The field 'To' in the cabs page is clicked
[INFO] 2024-06-12 18:46:57,881 utils.LoggerHandler info - The text Gurgaon, Haryana, India
is entered in the 'To' field
[INFO] 2024-06-12 18:46:58,503 utils.LoggerHandler info - Gurgaon, Haryana, India is selected from the list
[INFO] 2024-06-12 18:46:58,630 utils.LoggerHandler info - The field 'Pickup Date' is selected
[INFO] 2024-06-12 18:46:58,719 utils.LoggerHandler info - The Pickup date is selected from the calendar
[INFO] 2024-06-12 18:46:58,832 utils.LoggerHandler info - The field 'Pickup Time' is selected
[INFO] 2024-06-12 18:46:58,905 utils.LoggerHandler info - The Pickup time is selected from the drop down list
[INFO] 2024-06-12 18:46:59,068 utils.LoggerHandler info - Search cabs button is clicked
[INFO] 2024-06-12 18:47:00,466 utils.LoggerHandler info - Chrome browser is set up
[INFO] 2024-06-12 18:47:03,929 utils.LoggerHandler info - Popup Closed
[INFO] 2024-06-12 18:47:09,106 utils.LoggerHandler info - Clicked On Bus
[INFO] 2024-06-12 18:47:09,277 utils.LoggerHandler info - Entered Source Location
[INFO] 2024-06-12 18:47:10,356 utils.LoggerHandler info - Selected Option
[INFO] 2024-06-12 18:47:10,495 utils.LoggerHandler info - Entered Destination Location
[INFO] 2024-06-12 18:47:11,131 utils.LoggerHandler info - Selected Option
[INFO] 2024-06-12 18:47:11,307 utils.LoggerHandler info - Clicked on Travel date
[INFO] 2024-06-12 18:47:11,385 utils.LoggerHandler info - Date selected
[INFO] 2024-06-12 18:47:11,586 utils.LoggerHandler info - Clicked on Search
[INFO] 2024-06-12 18:47:16,347 utils.LoggerHandler info - selected checkbox Live Tracking
[INFO] 2024-06-12 18:47:17,215 utils.LoggerHandler info - selected checkbox Go Deal Discount
[INFO] 2024-06-12 18:47:17,257 utils.LoggerHandler info - scrolled down to Amenities
[INFO] 2024-06-12 18:47:17,847 utils.LoggerHandler info - selected checkbox Water Bottle
[INFO] 2024-06-12 18:47:17,872 utils.LoggerHandler info - Number of Buses for selected filter
[INFO] 2024-06-12 18:47:41,903 utils.LoggerHandler info - Clicked On Bus
[INFO] 2024-06-12 18:47:42,149 utils.LoggerHandler info - Deleted previously populated text in 'From' input bar
[INFO] 2024-06-12 18:47:42,282 utils.LoggerHandler info - Entered Source Location
[INFO] 2024-06-12 18:47:42,881 utils.LoggerHandler info - Selected Option
[INFO] 2024-06-12 18:47:43,000 utils.LoggerHandler info - Deleted previously populated text in 'To' input bar
[INFO] 2024-06-12 18:47:43,130 utils.LoggerHandler info - Entered Destination Location
[INFO] 2024-06-12 18:47:43,716 utils.LoggerHandler info - Selected Option
[INFO] 2024-06-12 18:47:43,832 utils.LoggerHandler info - Clicked on Travel Date
[INFO] 2024-06-12 18:47:43,920 utils.LoggerHandler info - Date Selected
[INFO] 2024-06-12 18:47:44,190 utils.LoggerHandler info - Clicked on Search
[INFO] 2024-06-12 18:47:45,813 utils.LoggerHandler info - Clicked On Primo Bus Filter
[INFO] 2024-06-12 18:47:46,045 utils.LoggerHandler info - selected checkbox AC
[INFO] 2024-06-12 18:47:46,064 utils.LoggerHandler info - scrolled down to Amenities
[INFO] 2024-06-12 18:47:46,514 utils.LoggerHandler info - selected checkbox Blankets
[INFO] 2024-06-12 18:47:46,547 utils.LoggerHandler info - Number of Buses for selected filter
[INFO] 2024-06-12 18:47:48,017 utils.LoggerHandler info - Chrome browser is set up
[INFO] 2024-06-12 18:47:51,774 utils.LoggerHandler info - Popup Closed
[INFO] 2024-06-12 18:47:56,128 utils.LoggerHandler info - Clicked on About Us
[INFO] 2024-06-12 18:47:56,132 utils.LoggerHandler info - About Us - link verified
[INFO] 2024-06-12 18:47:59,819 utils.LoggerHandler info - Clicked on Investor Relations
[INFO] 2024-06-12 18:47:59,835 utils.LoggerHandler info - Investor Relations - link verified
[INFO] 2024-06-12 18:48:04,027 utils.LoggerHandler info - Clicked on Management
[INFO] 2024-06-12 18:48:04,050 utils.LoggerHandler info - Management - link verified
[INFO] 2024-06-12 18:48:05,897 utils.LoggerHandler info - Clicked on User Agreement
[INFO] 2024-06-12 18:48:05,968 utils.LoggerHandler info - User Agreement - link verified
[INFO] 2024-06-12 18:48:07,775 utils.LoggerHandler info - Clicked on Privacy
[INFO] 2024-06-12 18:48:07,784 utils.LoggerHandler info - Privacy - link verified
[INFO] 2024-06-12 18:48:09,241 utils.LoggerHandler info - Clicked on Careers
[INFO] 2024-06-12 18:48:09,257 utils.LoggerHandler info - Switched to Careers tab
[INFO] 2024-06-12 18:48:11,063 utils.LoggerHandler info - Careers - link verified
[INFO] 2024-06-12 18:48:11,321 utils.LoggerHandler info - Clicked on YouTube Channel
[INFO] 2024-06-12 18:48:11,346 utils.LoggerHandler info - Switched to YouTube Channel tab
[INFO] 2024-06-12 18:48:15,386 utils.LoggerHandler info - YouTube Channel - link verified
[INFO] 2024-06-12 18:48:15,656 utils.LoggerHandler info - Clicked on Technology@Goibibo
[INFO] 2024-06-12 18:48:15,674 utils.LoggerHandler info - Switched to Technology tab
[INFO] 2024-06-12 18:48:20,970 utils.LoggerHandler info - Technology@Goibibo - link verified
[INFO] 2024-06-12 18:48:21,223 utils.LoggerHandler info - Clicked on Facebook Page
[INFO] 2024-06-12 18:48:21,243 utils.LoggerHandler info - Switched to Facebook Page tab
[INFO] 2024-06-12 18:48:23,487 utils.LoggerHandler info - Facebook Page - link verified
[INFO] 2024-06-12 18:48:23,674 utils.LoggerHandler info - Clicked on Twitter Handle
[INFO] 2024-06-12 18:48:23,700 utils.LoggerHandler info - Switched to Twitter tab
[INFO] 2024-06-12 18:48:33,445 utils.LoggerHandler info - Twitter Handle - link verified
[INFO] 2024-06-12 18:48:35,322 utils.LoggerHandler info - Chrome browser is set up
[INFO] 2024-06-12 18:48:45,134 utils.LoggerHandler info - Cabs option in the navigation bar is clicked
[INFO] 2024-06-12 18:48:45,145 utils.LoggerHandler info - Switched to new window
[INFO] 2024-06-12 18:48:45,332 utils.LoggerHandler info - Clicked on outstation one way radio button
[INFO] 2024-06-12 18:48:45,504 utils.LoggerHandler info - Clicked on Pickup Location field on cabs page
[INFO] 2024-06-12 18:48:45,646 utils.LoggerHandler info - Entered data in pickup location firld
[INFO] 2024-06-12 18:48:47,702 utils.LoggerHandler info - Down arrow action performed
[INFO] 2024-06-12 18:48:47,776 utils.LoggerHandler info - Enter action performed
[INFO] 2024-06-12 18:48:47,887 utils.LoggerHandler info - Clicked on Drop Location field on cabs page
[INFO] 2024-06-12 18:48:47,996 utils.LoggerHandler info - Entered data in drop location field
[INFO] 2024-06-12 18:48:50,076 utils.LoggerHandler info - Down arrow action performed
[INFO] 2024-06-12 18:48:50,150 utils.LoggerHandler info - Enter action performed
[INFO] 2024-06-12 18:48:50,280 utils.LoggerHandler info - Clicked on pickup Date Input Field
[INFO] 2024-06-12 18:48:50,432 utils.LoggerHandler info - Selected Date
[INFO] 2024-06-12 18:48:50,563 utils.LoggerHandler info - Clicked on pickup Time Input Field
[INFO] 2024-06-12 18:48:50,615 utils.LoggerHandler info - Scrolled on pickup time field
[INFO] 2024-06-12 18:48:50,738 utils.LoggerHandler info - Selected Time
[INFO] 2024-06-12 18:48:50,912 utils.LoggerHandler info - Clicked on Search Cabs
[INFO] 2024-06-12 18:48:50,915 utils.LoggerHandler info - Switched to new window
[INFO] 2024-06-12 18:48:52,899 utils.LoggerHandler info - Scrolled till car model filter
[INFO] 2024-06-12 18:48:53,125 utils.LoggerHandler info - Clicked on dzire or similar in car model filter
[INFO] 2024-06-12 18:48:53,182 utils.LoggerHandler info - Scrolled till car select button
[INFO] 2024-06-12 18:48:53,502 utils.LoggerHandler info - Clicked on first car select button
[INFO] 2024-06-12 18:48:54,378 utils.LoggerHandler info - Clicked on pay and confirm now
[INFO] 2024-06-12 18:48:54,415 utils.LoggerHandler info - Scrolled till gendre dropdown button on cabs search result page
[INFO] 2024-06-12 18:48:54,712 utils.LoggerHandler info - Selected female value in gender dropdown
[INFO] 2024-06-12 18:48:55,088 utils.LoggerHandler info - Entered data in name input field in traveller details
[INFO] 2024-06-12 18:48:55,513 utils.LoggerHandler info - Entered data in mobile number input field in traveller details
[INFO] 2024-06-12 18:48:55,915 utils.LoggerHandler info - Entered data in email input field in traveller details
[INFO] 2024-06-12 18:48:56,265 utils.LoggerHandler info - Clicked on signin/signup field
[INFO] 2024-06-12 18:48:56,417 utils.LoggerHandler info - login and sign up text verified
[INFO] 2024-06-12 18:48:58,628 utils.LoggerHandler info - Chrome browser is set up
[INFO] 2024-06-12 18:49:01,757 utils.LoggerHandler info - Closed login popup
[INFO] 2024-06-12 18:49:05,994 utils.LoggerHandler info - Clicked on cheap flights
[INFO] 2024-06-12 18:49:06,011 utils.LoggerHandler info - cheap flights url verified
[INFO] 2024-06-12 18:49:07,785 utils.LoggerHandler info - Clicked on my account
[INFO] 2024-06-12 18:49:07,830 utils.LoggerHandler info - my profile text verified
[INFO] 2024-06-12 18:49:09,330 utils.LoggerHandler info - Clicked on wallet
[INFO] 2024-06-12 18:49:09,372 utils.LoggerHandler info - provides information gocash balance verified
[INFO] 2024-06-12 18:49:13,467 utils.LoggerHandler info - Clicked on advertise with us
[INFO] 2024-06-12 18:49:13,505 utils.LoggerHandler info -  provides information on advertising verified
[INFO] 2024-06-12 18:49:16,100 utils.LoggerHandler info - Chrome browser is set up
[INFO] 2024-06-12 18:49:20,382 utils.LoggerHandler info - Hide Pop up
[INFO] 2024-06-12 18:49:20,451 utils.LoggerHandler info - Hide Offer Pop up
[INFO] 2024-06-12 18:49:21,573 utils.LoggerHandler info - Click on From Box
[INFO] 2024-06-12 18:49:21,694 utils.LoggerHandler info - Enter Bengaluru
[INFO] 2024-06-12 18:49:22,828 utils.LoggerHandler info - Press Enter on Mumbai
[INFO] 2024-06-12 18:49:22,960 utils.LoggerHandler info - Enter New Delhi
[INFO] 2024-06-12 18:49:24,045 utils.LoggerHandler info - Press Enter
[ERROR] 2024-06-12 18:49:25,191 utils.LoggerHandler error - Click on Departureelement click intercepted: Element <span class="sc-12foipm-3 dtSKny fswWidgetLabel">...</span> is not clickable at point (662, 223). Other element would receive the click: <input type="text" value="">
  (Session info: chrome=125.0.6422.142)
Build info: version: '4.21.0', revision: '79ed462ef4'
System info: os.name: 'Windows 11', os.arch: 'amd64', os.version: '10.0', java.version: '11.0.22'
Driver info: org.openqa.selenium.chrome.ChromeDriver
Command: [911976c7ef947d7bd9b44952b9e59bb5, clickElement {id=f.18884E028EBEF9DFE35208F4C59437E1.d.6E2A925E658D41A1D82345A40402A41D.e.74}]
Capabilities {acceptInsecureCerts: false, browserName: chrome, browserVersion: 125.0.6422.142, chrome: {chromedriverVersion: 125.0.6422.141 (4b1e8393712..., userDataDir: C:\Users\10740061\AppData\L...}, fedcm:accounts: true, goog:chromeOptions: {debuggerAddress: localhost:53026}, networkConnectionEnabled: false, pageLoadStrategy: normal, platformName: windows, proxy: Proxy(), se:cdp: ws://localhost:53026/devtoo..., se:cdpVersion: 125.0.6422.142, setWindowRect: true, strictFileInteractability: false, timeouts: {implicit: 0, pageLoad: 300000, script: 30000}, unhandledPromptBehavior: dismiss and notify, webauthn:extension:credBlob: true, webauthn:extension:largeBlob: true, webauthn:extension:minPinLength: true, webauthn:extension:prf: true, webauthn:virtualAuthenticators: true}
Element: [[ChromeDriver: chrome on windows (911976c7ef947d7bd9b44952b9e59bb5)] -> xpath: (//span[text()='Departure'])]
Session ID: 911976c7ef947d7bd9b44952b9e59bb5
[ERROR] 2024-06-12 18:49:35,594 utils.LoggerHandler error - Click on 20th Juneno such element: Unable to locate element: {"method":"xpath","selector":"(//p[text()='20'])[1]"}
  (Session info: chrome=125.0.6422.142)
For documentation on this error, please visit: https://www.selenium.dev/documentation/webdriver/troubleshooting/errors#no-such-element-exception
Build info: version: '4.21.0', revision: '79ed462ef4'
System info: os.name: 'Windows 11', os.arch: 'amd64', os.version: '10.0', java.version: '11.0.22'
Driver info: org.openqa.selenium.chrome.ChromeDriver
Command: [911976c7ef947d7bd9b44952b9e59bb5, findElement {value=(//p[text()='20'])[1], using=xpath}]
Capabilities {acceptInsecureCerts: false, browserName: chrome, browserVersion: 125.0.6422.142, chrome: {chromedriverVersion: 125.0.6422.141 (4b1e8393712..., userDataDir: C:\Users\10740061\AppData\L...}, fedcm:accounts: true, goog:chromeOptions: {debuggerAddress: localhost:53026}, networkConnectionEnabled: false, pageLoadStrategy: normal, platformName: windows, proxy: Proxy(), se:cdp: ws://localhost:53026/devtoo..., se:cdpVersion: 125.0.6422.142, setWindowRect: true, strictFileInteractability: false, timeouts: {implicit: 0, pageLoad: 300000, script: 30000}, unhandledPromptBehavior: dismiss and notify, webauthn:extension:credBlob: true, webauthn:extension:largeBlob: true, webauthn:extension:minPinLength: true, webauthn:extension:prf: true, webauthn:virtualAuthenticators: true}
Session ID: 911976c7ef947d7bd9b44952b9e59bb5
[INFO] 2024-06-12 18:49:36,201 utils.LoggerHandler info - Click on Return
[INFO] 2024-06-12 18:49:36,419 utils.LoggerHandler info - Click on 23rd June
[INFO] 2024-06-12 18:49:36,599 utils.LoggerHandler info - Click on Travellers
[INFO] 2024-06-12 18:49:36,823 utils.LoggerHandler info - Increase Adult Count
[INFO] 2024-06-12 18:49:36,983 utils.LoggerHandler info - Increase Child Count
[INFO] 2024-06-12 18:49:37,148 utils.LoggerHandler info - Click on Business
[INFO] 2024-06-12 18:49:37,329 utils.LoggerHandler info - Click on Done
[INFO] 2024-06-12 18:49:37,519 utils.LoggerHandler info - Click on Search Flights
[INFO] 2024-06-12 18:49:47,876 utils.LoggerHandler info - Click on Flights
[INFO] 2024-06-12 18:49:49,093 utils.LoggerHandler info - Click on From Box
[INFO] 2024-06-12 18:49:50,255 utils.LoggerHandler info - Enter Hyderabad
[INFO] 2024-06-12 18:49:51,344 utils.LoggerHandler info - Press Enter
[INFO] 2024-06-12 18:49:52,448 utils.LoggerHandler info - Enter Mumbai
[INFO] 2024-06-12 18:49:53,538 utils.LoggerHandler info - Press Enter
[INFO] 2024-06-12 18:49:53,657 utils.LoggerHandler info - Click on Departure
[INFO] 2024-06-12 18:49:53,753 utils.LoggerHandler info - Click On 11th June
[INFO] 2024-06-12 18:49:53,878 utils.LoggerHandler info - Click On 14th June
[INFO] 2024-06-12 18:49:54,797 utils.LoggerHandler info - Click on Search Flights
[INFO] 2024-06-12 18:50:09,807 utils.LoggerHandler info - Click on Flights
[INFO] 2024-06-12 18:50:11,027 utils.LoggerHandler info - Click on From Box
[INFO] 2024-06-12 18:50:12,171 utils.LoggerHandler info - Enter Kolkata
[INFO] 2024-06-12 18:50:13,294 utils.LoggerHandler info - Press Enter
[INFO] 2024-06-12 18:50:14,438 utils.LoggerHandler info - Enter Chennai
[INFO] 2024-06-12 18:50:15,542 utils.LoggerHandler info - Press Enter
[INFO] 2024-06-12 18:50:15,687 utils.LoggerHandler info - Click on Departure
[INFO] 2024-06-12 18:50:15,741 utils.LoggerHandler info - Click on 17th June
[INFO] 2024-06-12 18:50:15,811 utils.LoggerHandler info - Click on 21th June
[INFO] 2024-06-12 18:50:15,925 utils.LoggerHandler info - Click on Travellers
[INFO] 2024-06-12 18:50:16,042 utils.LoggerHandler info - Decrease Adult Count
[INFO] 2024-06-12 18:50:16,152 utils.LoggerHandler info - Increase Child Count
[INFO] 2024-06-12 18:50:16,285 utils.LoggerHandler info - Click on Done
[INFO] 2024-06-12 18:50:18,031 utils.LoggerHandler info - Click on Search Flights
[INFO] 2024-06-12 18:50:20,197 utils.LoggerHandler info - Chrome browser is set up
[INFO] 2024-06-12 18:50:24,973 utils.LoggerHandler info - Click on Popup Cancellation Button
[INFO] 2024-06-12 18:50:25,075 utils.LoggerHandler info - Click on Offers Pop up Cancellation Button
[INFO] 2024-06-12 18:50:25,211 utils.LoggerHandler info - Click on From Box
[INFO] 2024-06-12 18:50:25,335 utils.LoggerHandler info - Enter Mumbai
[INFO] 2024-06-12 18:50:26,411 utils.LoggerHandler info - Enter Mumbai
[INFO] 2024-06-12 18:50:26,513 utils.LoggerHandler info - Enter Delhi
[INFO] 2024-06-12 18:50:27,577 utils.LoggerHandler info - Press Enter on Delhi
[INFO] 2024-06-12 18:50:27,686 utils.LoggerHandler info - Click on Departure
[INFO] 2024-06-12 18:50:28,808 utils.LoggerHandler info - Click on 15th June
[INFO] 2024-06-12 18:50:28,949 utils.LoggerHandler info - Click on Return
[INFO] 2024-06-12 18:50:30,071 utils.LoggerHandler info - Click on 20th June
[INFO] 2024-06-12 18:50:30,207 utils.LoggerHandler info - Click on Travellers
[INFO] 2024-06-12 18:50:30,322 utils.LoggerHandler info - Increase Child Count 
[INFO] 2024-06-12 18:50:30,423 utils.LoggerHandler info - Click on Economy
[INFO] 2024-06-12 18:50:30,556 utils.LoggerHandler info - Click on Done
[INFO] 2024-06-12 18:50:31,813 utils.LoggerHandler info - Click on Search Flights
[INFO] 2024-06-12 18:50:31,823 utils.LoggerHandler info - Verify the Title
[INFO] 2024-06-12 18:50:33,616 utils.LoggerHandler info - Click on Trains
[INFO] 2024-06-12 18:50:35,722 utils.LoggerHandler info - Click on From Trains Box
[INFO] 2024-06-12 18:50:36,884 utils.LoggerHandler info - Enter Train From Mumbai
[INFO] 2024-06-12 18:50:37,933 utils.LoggerHandler info - Click on Mumbai
[INFO] 2024-06-12 18:50:38,999 utils.LoggerHandler info - Click on Trains to Box
[INFO] 2024-06-12 18:50:40,096 utils.LoggerHandler info - Enter Trains for Pune
[INFO] 2024-06-12 18:50:41,175 utils.LoggerHandler info - Click on Pune All Staions
[INFO] 2024-06-12 18:50:42,217 utils.LoggerHandler info - Click on 16th June
[INFO] 2024-06-12 18:50:42,276 utils.LoggerHandler info - Scroll to Search Trains & Click on it
[DEBUG] 2024-06-12 18:50:43,802 freemarker.cache debug - Couldn't find template in cache for "spark/spark.spa.ftl"("en_IN", UTF-8, parsed); will try to load it.
[DEBUG] 2024-06-12 18:50:43,802 freemarker.cache debug - TemplateLoader.findTemplateSource("spark/spark.spa_en_IN.ftl"): Not found
[DEBUG] 2024-06-12 18:50:43,807 freemarker.cache debug - TemplateLoader.findTemplateSource("spark/spark.spa_en.ftl"): Not found
[DEBUG] 2024-06-12 18:50:43,807 freemarker.cache debug - TemplateLoader.findTemplateSource("spark/spark.spa.ftl"): Found
[DEBUG] 2024-06-12 18:50:43,807 freemarker.cache debug - Loading template for "spark/spark.spa.ftl"("en_IN", UTF-8, parsed) from "jar:file:/C:/Users/10740061/.m2/repository/com/aventstack/extentreports/5.1.1/extentreports-5.1.1.jar!/com/aventstack/extentreports/templates/spark/spark.spa.ftl"
[DEBUG] 2024-06-12 18:50:43,996 freemarker.cache debug - Couldn't find template in cache for "commons/commons-variables.ftl"("en_IN", UTF-8, parsed); will try to load it.
[DEBUG] 2024-06-12 18:50:43,996 freemarker.cache debug - TemplateLoader.findTemplateSource("commons/commons-variables_en_IN.ftl"): Not found
[DEBUG] 2024-06-12 18:50:43,996 freemarker.cache debug - TemplateLoader.findTemplateSource("commons/commons-variables_en.ftl"): Not found
[DEBUG] 2024-06-12 18:50:43,996 freemarker.cache debug - TemplateLoader.findTemplateSource("commons/commons-variables.ftl"): Found
[DEBUG] 2024-06-12 18:50:43,996 freemarker.cache debug - Loading template for "commons/commons-variables.ftl"("en_IN", UTF-8, parsed) from "jar:file:/C:/Users/10740061/.m2/repository/com/aventstack/extentreports/5.1.1/extentreports-5.1.1.jar!/com/aventstack/extentreports/templates/commons/commons-variables.ftl"
[DEBUG] 2024-06-12 18:50:44,233 freemarker.cache debug - Couldn't find template in cache for "commons/commons-macros.ftl"("en_IN", UTF-8, parsed); will try to load it.
[DEBUG] 2024-06-12 18:50:44,233 freemarker.cache debug - TemplateLoader.findTemplateSource("commons/commons-macros_en_IN.ftl"): Not found
[DEBUG] 2024-06-12 18:50:44,233 freemarker.cache debug - TemplateLoader.findTemplateSource("commons/commons-macros_en.ftl"): Not found
[DEBUG] 2024-06-12 18:50:44,233 freemarker.cache debug - TemplateLoader.findTemplateSource("commons/commons-macros.ftl"): Found
[DEBUG] 2024-06-12 18:50:44,233 freemarker.cache debug - Loading template for "commons/commons-macros.ftl"("en_IN", UTF-8, parsed) from "jar:file:/C:/Users/10740061/.m2/repository/com/aventstack/extentreports/5.1.1/extentreports-5.1.1.jar!/com/aventstack/extentreports/templates/commons/commons-macros.ftl"
[DEBUG] 2024-06-12 18:50:44,265 freemarker.cache debug - Couldn't find template in cache for "spark/macros/attributes.ftl"("en_IN", UTF-8, parsed); will try to load it.
[DEBUG] 2024-06-12 18:50:44,265 freemarker.cache debug - TemplateLoader.findTemplateSource("spark/macros/attributes_en_IN.ftl"): Not found
[DEBUG] 2024-06-12 18:50:44,287 freemarker.cache debug - TemplateLoader.findTemplateSource("spark/macros/attributes_en.ftl"): Not found
[DEBUG] 2024-06-12 18:50:44,287 freemarker.cache debug - TemplateLoader.findTemplateSource("spark/macros/attributes.ftl"): Found
[DEBUG] 2024-06-12 18:50:44,287 freemarker.cache debug - Loading template for "spark/macros/attributes.ftl"("en_IN", UTF-8, parsed) from "jar:file:/C:/Users/10740061/.m2/repository/com/aventstack/extentreports/5.1.1/extentreports-5.1.1.jar!/com/aventstack/extentreports/templates/spark/macros/attributes.ftl"
[DEBUG] 2024-06-12 18:50:44,297 freemarker.cache debug - Couldn't find template in cache for "spark/macros/log.ftl"("en_IN", UTF-8, parsed); will try to load it.
[DEBUG] 2024-06-12 18:50:44,297 freemarker.cache debug - TemplateLoader.findTemplateSource("spark/macros/log_en_IN.ftl"): Not found
[DEBUG] 2024-06-12 18:50:44,297 freemarker.cache debug - TemplateLoader.findTemplateSource("spark/macros/log_en.ftl"): Not found
[DEBUG] 2024-06-12 18:50:44,307 freemarker.cache debug - TemplateLoader.findTemplateSource("spark/macros/log.ftl"): Found
[DEBUG] 2024-06-12 18:50:44,307 freemarker.cache debug - Loading template for "spark/macros/log.ftl"("en_IN", UTF-8, parsed) from "jar:file:/C:/Users/10740061/.m2/repository/com/aventstack/extentreports/5.1.1/extentreports-5.1.1.jar!/com/aventstack/extentreports/templates/spark/macros/log.ftl"
[DEBUG] 2024-06-12 18:50:44,307 freemarker.cache debug - Couldn't find template in cache for "spark/macros/recurse_nodes.ftl"("en_IN", UTF-8, parsed); will try to load it.
[DEBUG] 2024-06-12 18:50:44,312 freemarker.cache debug - TemplateLoader.findTemplateSource("spark/macros/recurse_nodes_en_IN.ftl"): Not found
[DEBUG] 2024-06-12 18:50:44,315 freemarker.cache debug - TemplateLoader.findTemplateSource("spark/macros/recurse_nodes_en.ftl"): Not found
[DEBUG] 2024-06-12 18:50:44,316 freemarker.cache debug - TemplateLoader.findTemplateSource("spark/macros/recurse_nodes.ftl"): Found
[DEBUG] 2024-06-12 18:50:44,316 freemarker.cache debug - Loading template for "spark/macros/recurse_nodes.ftl"("en_IN", UTF-8, parsed) from "jar:file:/C:/Users/10740061/.m2/repository/com/aventstack/extentreports/5.1.1/extentreports-5.1.1.jar!/com/aventstack/extentreports/templates/spark/macros/recurse_nodes.ftl"
[DEBUG] 2024-06-12 18:50:44,317 freemarker.cache debug - "spark/macros/log.ftl"("en_IN", UTF-8, parsed) cached copy not yet stale; using cached.
[DEBUG] 2024-06-12 18:50:44,317 freemarker.cache debug - Couldn't find template in cache for "spark/macros/attr-common.ftl"("en_IN", UTF-8, parsed); will try to load it.
[DEBUG] 2024-06-12 18:50:44,328 freemarker.cache debug - TemplateLoader.findTemplateSource("spark/macros/attr-common_en_IN.ftl"): Not found
[DEBUG] 2024-06-12 18:50:44,328 freemarker.cache debug - TemplateLoader.findTemplateSource("spark/macros/attr-common_en.ftl"): Not found
[DEBUG] 2024-06-12 18:50:44,328 freemarker.cache debug - TemplateLoader.findTemplateSource("spark/macros/attr-common.ftl"): Found
[DEBUG] 2024-06-12 18:50:44,328 freemarker.cache debug - Loading template for "spark/macros/attr-common.ftl"("en_IN", UTF-8, parsed) from "jar:file:/C:/Users/10740061/.m2/repository/com/aventstack/extentreports/5.1.1/extentreports-5.1.1.jar!/com/aventstack/extentreports/templates/spark/macros/attr-common.ftl"
[DEBUG] 2024-06-12 18:50:44,344 freemarker.cache debug - Couldn't find template in cache for "spark/partials/head.ftl"("en_IN", UTF-8, parsed); will try to load it.
[DEBUG] 2024-06-12 18:50:44,344 freemarker.cache debug - TemplateLoader.findTemplateSource("spark/partials/head_en_IN.ftl"): Not found
[DEBUG] 2024-06-12 18:50:44,344 freemarker.cache debug - TemplateLoader.findTemplateSource("spark/partials/head_en.ftl"): Not found
[DEBUG] 2024-06-12 18:50:44,344 freemarker.cache debug - TemplateLoader.findTemplateSource("spark/partials/head.ftl"): Found
[DEBUG] 2024-06-12 18:50:44,344 freemarker.cache debug - Loading template for "spark/partials/head.ftl"("en_IN", UTF-8, parsed) from "jar:file:/C:/Users/10740061/.m2/repository/com/aventstack/extentreports/5.1.1/extentreports-5.1.1.jar!/com/aventstack/extentreports/templates/spark/partials/head.ftl"
[DEBUG] 2024-06-12 18:50:44,360 freemarker.cache debug - Couldn't find template in cache for "commons/commons-inject-css.ftl"("en_IN", UTF-8, parsed); will try to load it.
[DEBUG] 2024-06-12 18:50:44,360 freemarker.cache debug - TemplateLoader.findTemplateSource("commons/commons-inject-css_en_IN.ftl"): Not found
[DEBUG] 2024-06-12 18:50:44,360 freemarker.cache debug - TemplateLoader.findTemplateSource("commons/commons-inject-css_en.ftl"): Not found
[DEBUG] 2024-06-12 18:50:44,360 freemarker.cache debug - TemplateLoader.findTemplateSource("commons/commons-inject-css.ftl"): Found
[DEBUG] 2024-06-12 18:50:44,360 freemarker.cache debug - Loading template for "commons/commons-inject-css.ftl"("en_IN", UTF-8, parsed) from "jar:file:/C:/Users/10740061/.m2/repository/com/aventstack/extentreports/5.1.1/extentreports-5.1.1.jar!/com/aventstack/extentreports/templates/commons/commons-inject-css.ftl"
[DEBUG] 2024-06-12 18:50:44,360 freemarker.cache debug - Couldn't find template in cache for "spark/partials/navbar.ftl"("en_IN", UTF-8, parsed); will try to load it.
[DEBUG] 2024-06-12 18:50:44,375 freemarker.cache debug - TemplateLoader.findTemplateSource("spark/partials/navbar_en_IN.ftl"): Not found
[DEBUG] 2024-06-12 18:50:44,375 freemarker.cache debug - TemplateLoader.findTemplateSource("spark/partials/navbar_en.ftl"): Not found
[DEBUG] 2024-06-12 18:50:44,375 freemarker.cache debug - TemplateLoader.findTemplateSource("spark/partials/navbar.ftl"): Found
[DEBUG] 2024-06-12 18:50:44,375 freemarker.cache debug - Loading template for "spark/partials/navbar.ftl"("en_IN", UTF-8, parsed) from "jar:file:/C:/Users/10740061/.m2/repository/com/aventstack/extentreports/5.1.1/extentreports-5.1.1.jar!/com/aventstack/extentreports/templates/spark/partials/navbar.ftl"
[DEBUG] 2024-06-12 18:50:44,392 freemarker.cache debug - Couldn't find template in cache for "spark/partials/sidenav.ftl"("en_IN", UTF-8, parsed); will try to load it.
[DEBUG] 2024-06-12 18:50:44,392 freemarker.cache debug - TemplateLoader.findTemplateSource("spark/partials/sidenav_en_IN.ftl"): Not found
[DEBUG] 2024-06-12 18:50:44,392 freemarker.cache debug - TemplateLoader.findTemplateSource("spark/partials/sidenav_en.ftl"): Not found
[DEBUG] 2024-06-12 18:50:44,392 freemarker.cache debug - TemplateLoader.findTemplateSource("spark/partials/sidenav.ftl"): Found
[DEBUG] 2024-06-12 18:50:44,402 freemarker.cache debug - Loading template for "spark/partials/sidenav.ftl"("en_IN", UTF-8, parsed) from "jar:file:/C:/Users/10740061/.m2/repository/com/aventstack/extentreports/5.1.1/extentreports-5.1.1.jar!/com/aventstack/extentreports/templates/spark/partials/sidenav.ftl"
[DEBUG] 2024-06-12 18:50:44,423 freemarker.cache debug - Couldn't find template in cache for "spark/partials/test.ftl"("en_IN", UTF-8, parsed); will try to load it.
[DEBUG] 2024-06-12 18:50:44,423 freemarker.cache debug - TemplateLoader.findTemplateSource("spark/partials/test_en_IN.ftl"): Not found
[DEBUG] 2024-06-12 18:50:44,423 freemarker.cache debug - TemplateLoader.findTemplateSource("spark/partials/test_en.ftl"): Not found
[DEBUG] 2024-06-12 18:50:44,423 freemarker.cache debug - TemplateLoader.findTemplateSource("spark/partials/test.ftl"): Found
[DEBUG] 2024-06-12 18:50:44,423 freemarker.cache debug - Loading template for "spark/partials/test.ftl"("en_IN", UTF-8, parsed) from "jar:file:/C:/Users/10740061/.m2/repository/com/aventstack/extentreports/5.1.1/extentreports-5.1.1.jar!/com/aventstack/extentreports/templates/spark/partials/test.ftl"
[DEBUG] 2024-06-12 18:50:44,456 freemarker.cache debug - Couldn't find template in cache for "spark/partials/standard-content.ftl"("en_IN", UTF-8, parsed); will try to load it.
[DEBUG] 2024-06-12 18:50:44,456 freemarker.cache debug - TemplateLoader.findTemplateSource("spark/partials/standard-content_en_IN.ftl"): Not found
[DEBUG] 2024-06-12 18:50:44,456 freemarker.cache debug - TemplateLoader.findTemplateSource("spark/partials/standard-content_en.ftl"): Not found
[DEBUG] 2024-06-12 18:50:44,456 freemarker.cache debug - TemplateLoader.findTemplateSource("spark/partials/standard-content.ftl"): Found
[DEBUG] 2024-06-12 18:50:44,456 freemarker.cache debug - Loading template for "spark/partials/standard-content.ftl"("en_IN", UTF-8, parsed) from "jar:file:/C:/Users/10740061/.m2/repository/com/aventstack/extentreports/5.1.1/extentreports-5.1.1.jar!/com/aventstack/extentreports/templates/spark/partials/standard-content.ftl"
[DEBUG] 2024-06-12 18:50:44,487 freemarker.cache debug - "spark/partials/standard-content.ftl"("en_IN", UTF-8, parsed) cached copy not yet stale; using cached.
[DEBUG] 2024-06-12 18:50:44,487 freemarker.cache debug - "spark/partials/standard-content.ftl"("en_IN", UTF-8, parsed) cached copy not yet stale; using cached.
[DEBUG] 2024-06-12 18:50:44,497 freemarker.cache debug - "spark/partials/standard-content.ftl"("en_IN", UTF-8, parsed) cached copy not yet stale; using cached.
[DEBUG] 2024-06-12 18:50:44,502 freemarker.cache debug - "spark/partials/standard-content.ftl"("en_IN", UTF-8, parsed) cached copy not yet stale; using cached.
[DEBUG] 2024-06-12 18:50:44,502 freemarker.cache debug - "spark/partials/standard-content.ftl"("en_IN", UTF-8, parsed) cached copy not yet stale; using cached.
[DEBUG] 2024-06-12 18:50:44,518 freemarker.cache debug - "spark/partials/standard-content.ftl"("en_IN", UTF-8, parsed) cached copy not yet stale; using cached.
[DEBUG] 2024-06-12 18:50:44,534 freemarker.cache debug - "spark/partials/standard-content.ftl"("en_IN", UTF-8, parsed) cached copy not yet stale; using cached.
[DEBUG] 2024-06-12 18:50:44,534 freemarker.cache debug - "spark/partials/standard-content.ftl"("en_IN", UTF-8, parsed) cached copy not yet stale; using cached.
[DEBUG] 2024-06-12 18:50:44,534 freemarker.cache debug - "spark/partials/standard-content.ftl"("en_IN", UTF-8, parsed) cached copy not yet stale; using cached.
[DEBUG] 2024-06-12 18:50:44,550 freemarker.cache debug - Couldn't find template in cache for "spark/partials/exception.ftl"("en_IN", UTF-8, parsed); will try to load it.
[DEBUG] 2024-06-12 18:50:44,550 freemarker.cache debug - TemplateLoader.findTemplateSource("spark/partials/exception_en_IN.ftl"): Not found
[DEBUG] 2024-06-12 18:50:44,550 freemarker.cache debug - TemplateLoader.findTemplateSource("spark/partials/exception_en.ftl"): Not found
[DEBUG] 2024-06-12 18:50:44,550 freemarker.cache debug - TemplateLoader.findTemplateSource("spark/partials/exception.ftl"): Found
[DEBUG] 2024-06-12 18:50:44,550 freemarker.cache debug - Loading template for "spark/partials/exception.ftl"("en_IN", UTF-8, parsed) from "jar:file:/C:/Users/10740061/.m2/repository/com/aventstack/extentreports/5.1.1/extentreports-5.1.1.jar!/com/aventstack/extentreports/templates/spark/partials/exception.ftl"
[DEBUG] 2024-06-12 18:50:44,550 freemarker.cache debug - Couldn't find template in cache for "spark/partials/category.ftl"("en_IN", UTF-8, parsed); will try to load it.
[DEBUG] 2024-06-12 18:50:44,550 freemarker.cache debug - TemplateLoader.findTemplateSource("spark/partials/category_en_IN.ftl"): Not found
[DEBUG] 2024-06-12 18:50:44,550 freemarker.cache debug - TemplateLoader.findTemplateSource("spark/partials/category_en.ftl"): Not found
[DEBUG] 2024-06-12 18:50:44,550 freemarker.cache debug - TemplateLoader.findTemplateSource("spark/partials/category.ftl"): Found
[DEBUG] 2024-06-12 18:50:44,550 freemarker.cache debug - Loading template for "spark/partials/category.ftl"("en_IN", UTF-8, parsed) from "jar:file:/C:/Users/10740061/.m2/repository/com/aventstack/extentreports/5.1.1/extentreports-5.1.1.jar!/com/aventstack/extentreports/templates/spark/partials/category.ftl"
[DEBUG] 2024-06-12 18:50:44,565 freemarker.cache debug - Couldn't find template in cache for "spark/partials/device.ftl"("en_IN", UTF-8, parsed); will try to load it.
[DEBUG] 2024-06-12 18:50:44,565 freemarker.cache debug - TemplateLoader.findTemplateSource("spark/partials/device_en_IN.ftl"): Not found
[DEBUG] 2024-06-12 18:50:44,565 freemarker.cache debug - TemplateLoader.findTemplateSource("spark/partials/device_en.ftl"): Not found
[DEBUG] 2024-06-12 18:50:44,565 freemarker.cache debug - TemplateLoader.findTemplateSource("spark/partials/device.ftl"): Found
[DEBUG] 2024-06-12 18:50:44,565 freemarker.cache debug - Loading template for "spark/partials/device.ftl"("en_IN", UTF-8, parsed) from "jar:file:/C:/Users/10740061/.m2/repository/com/aventstack/extentreports/5.1.1/extentreports-5.1.1.jar!/com/aventstack/extentreports/templates/spark/partials/device.ftl"
[DEBUG] 2024-06-12 18:50:44,565 freemarker.cache debug - Couldn't find template in cache for "spark/partials/author.ftl"("en_IN", UTF-8, parsed); will try to load it.
[DEBUG] 2024-06-12 18:50:44,565 freemarker.cache debug - TemplateLoader.findTemplateSource("spark/partials/author_en_IN.ftl"): Not found
[DEBUG] 2024-06-12 18:50:44,565 freemarker.cache debug - TemplateLoader.findTemplateSource("spark/partials/author_en.ftl"): Not found
[DEBUG] 2024-06-12 18:50:44,565 freemarker.cache debug - TemplateLoader.findTemplateSource("spark/partials/author.ftl"): Found
[DEBUG] 2024-06-12 18:50:44,565 freemarker.cache debug - Loading template for "spark/partials/author.ftl"("en_IN", UTF-8, parsed) from "jar:file:/C:/Users/10740061/.m2/repository/com/aventstack/extentreports/5.1.1/extentreports-5.1.1.jar!/com/aventstack/extentreports/templates/spark/partials/author.ftl"
[DEBUG] 2024-06-12 18:50:44,565 freemarker.cache debug - Couldn't find template in cache for "spark/partials/log.ftl"("en_IN", UTF-8, parsed); will try to load it.
[DEBUG] 2024-06-12 18:50:44,581 freemarker.cache debug - TemplateLoader.findTemplateSource("spark/partials/log_en_IN.ftl"): Not found
[DEBUG] 2024-06-12 18:50:44,581 freemarker.cache debug - TemplateLoader.findTemplateSource("spark/partials/log_en.ftl"): Not found
[DEBUG] 2024-06-12 18:50:44,581 freemarker.cache debug - TemplateLoader.findTemplateSource("spark/partials/log.ftl"): Found
[DEBUG] 2024-06-12 18:50:44,581 freemarker.cache debug - Loading template for "spark/partials/log.ftl"("en_IN", UTF-8, parsed) from "jar:file:/C:/Users/10740061/.m2/repository/com/aventstack/extentreports/5.1.1/extentreports-5.1.1.jar!/com/aventstack/extentreports/templates/spark/partials/log.ftl"
[DEBUG] 2024-06-12 18:50:44,587 freemarker.cache debug - Couldn't find template in cache for "spark/partials/dashboard.ftl"("en_IN", UTF-8, parsed); will try to load it.
[DEBUG] 2024-06-12 18:50:44,587 freemarker.cache debug - TemplateLoader.findTemplateSource("spark/partials/dashboard_en_IN.ftl"): Not found
[DEBUG] 2024-06-12 18:50:44,587 freemarker.cache debug - TemplateLoader.findTemplateSource("spark/partials/dashboard_en.ftl"): Not found
[DEBUG] 2024-06-12 18:50:44,592 freemarker.cache debug - TemplateLoader.findTemplateSource("spark/partials/dashboard.ftl"): Found
[DEBUG] 2024-06-12 18:50:44,592 freemarker.cache debug - Loading template for "spark/partials/dashboard.ftl"("en_IN", UTF-8, parsed) from "jar:file:/C:/Users/10740061/.m2/repository/com/aventstack/extentreports/5.1.1/extentreports-5.1.1.jar!/com/aventstack/extentreports/templates/spark/partials/dashboard.ftl"
[DEBUG] 2024-06-12 18:50:44,660 freemarker.cache debug - Couldn't find template in cache for "spark/partials/scripts.ftl"("en_IN", UTF-8, parsed); will try to load it.
[DEBUG] 2024-06-12 18:50:44,660 freemarker.cache debug - TemplateLoader.findTemplateSource("spark/partials/scripts_en_IN.ftl"): Not found
[DEBUG] 2024-06-12 18:50:44,660 freemarker.cache debug - TemplateLoader.findTemplateSource("spark/partials/scripts_en.ftl"): Not found
[DEBUG] 2024-06-12 18:50:44,660 freemarker.cache debug - TemplateLoader.findTemplateSource("spark/partials/scripts.ftl"): Found
[DEBUG] 2024-06-12 18:50:44,660 freemarker.cache debug - Loading template for "spark/partials/scripts.ftl"("en_IN", UTF-8, parsed) from "jar:file:/C:/Users/10740061/.m2/repository/com/aventstack/extentreports/5.1.1/extentreports-5.1.1.jar!/com/aventstack/extentreports/templates/spark/partials/scripts.ftl"
[DEBUG] 2024-06-12 18:50:44,676 freemarker.cache debug - Couldn't find template in cache for "commons/commons-inject-js.ftl"("en_IN", UTF-8, parsed); will try to load it.
[DEBUG] 2024-06-12 18:50:44,676 freemarker.cache debug - TemplateLoader.findTemplateSource("commons/commons-inject-js_en_IN.ftl"): Not found
[DEBUG] 2024-06-12 18:50:44,676 freemarker.cache debug - TemplateLoader.findTemplateSource("commons/commons-inject-js_en.ftl"): Not found
[DEBUG] 2024-06-12 18:50:44,676 freemarker.cache debug - TemplateLoader.findTemplateSource("commons/commons-inject-js.ftl"): Found
[DEBUG] 2024-06-12 18:50:44,676 freemarker.cache debug - Loading template for "commons/commons-inject-js.ftl"("en_IN", UTF-8, parsed) from "jar:file:/C:/Users/10740061/.m2/repository/com/aventstack/extentreports/5.1.1/extentreports-5.1.1.jar!/com/aventstack/extentreports/templates/commons/commons-inject-js.ftl"
[DEBUG] 2024-06-12 18:50:44,722 freemarker.cache debug - "spark/spark.spa.ftl"("en_IN", UTF-8, parsed) cached copy not yet stale; using cached.
[DEBUG] 2024-06-12 18:50:44,722 freemarker.cache debug - "commons/commons-variables.ftl"("en_IN", UTF-8, parsed) cached copy not yet stale; using cached.
[DEBUG] 2024-06-12 18:50:44,722 freemarker.cache debug - "commons/commons-macros.ftl"("en_IN", UTF-8, parsed) cached copy not yet stale; using cached.
[DEBUG] 2024-06-12 18:50:44,722 freemarker.cache debug - "spark/macros/attributes.ftl"("en_IN", UTF-8, parsed) cached copy not yet stale; using cached.
[DEBUG] 2024-06-12 18:50:44,738 freemarker.cache debug - "spark/macros/log.ftl"("en_IN", UTF-8, parsed) cached copy not yet stale; using cached.
[DEBUG] 2024-06-12 18:50:44,738 freemarker.cache debug - "spark/macros/recurse_nodes.ftl"("en_IN", UTF-8, parsed) cached copy not yet stale; using cached.
[DEBUG] 2024-06-12 18:50:44,738 freemarker.cache debug - "spark/macros/log.ftl"("en_IN", UTF-8, parsed) cached copy not yet stale; using cached.
[DEBUG] 2024-06-12 18:50:44,738 freemarker.cache debug - "spark/macros/attr-common.ftl"("en_IN", UTF-8, parsed) cached copy not yet stale; using cached.
[DEBUG] 2024-06-12 18:50:44,738 freemarker.cache debug - "spark/partials/head.ftl"("en_IN", UTF-8, parsed) cached copy not yet stale; using cached.
[DEBUG] 2024-06-12 18:50:44,738 freemarker.cache debug - "commons/commons-inject-css.ftl"("en_IN", UTF-8, parsed) cached copy not yet stale; using cached.
[DEBUG] 2024-06-12 18:50:44,738 freemarker.cache debug - "spark/partials/navbar.ftl"("en_IN", UTF-8, parsed) cached copy not yet stale; using cached.
[DEBUG] 2024-06-12 18:50:44,738 freemarker.cache debug - "spark/partials/sidenav.ftl"("en_IN", UTF-8, parsed) cached copy not yet stale; using cached.
[DEBUG] 2024-06-12 18:50:44,738 freemarker.cache debug - "spark/partials/test.ftl"("en_IN", UTF-8, parsed) cached copy not yet stale; using cached.
[DEBUG] 2024-06-12 18:50:44,738 freemarker.cache debug - "spark/partials/standard-content.ftl"("en_IN", UTF-8, parsed) cached copy not yet stale; using cached.
[DEBUG] 2024-06-12 18:50:44,738 freemarker.cache debug - "spark/partials/standard-content.ftl"("en_IN", UTF-8, parsed) cached copy not yet stale; using cached.
[DEBUG] 2024-06-12 18:50:44,754 freemarker.cache debug - "spark/partials/standard-content.ftl"("en_IN", UTF-8, parsed) cached copy not yet stale; using cached.
[DEBUG] 2024-06-12 18:50:44,754 freemarker.cache debug - "spark/partials/standard-content.ftl"("en_IN", UTF-8, parsed) cached copy not yet stale; using cached.
[DEBUG] 2024-06-12 18:50:44,754 freemarker.cache debug - "spark/partials/standard-content.ftl"("en_IN", UTF-8, parsed) cached copy not yet stale; using cached.
[DEBUG] 2024-06-12 18:50:44,754 freemarker.cache debug - "spark/partials/standard-content.ftl"("en_IN", UTF-8, parsed) cached copy not yet stale; using cached.
[DEBUG] 2024-06-12 18:50:44,769 freemarker.cache debug - "spark/partials/standard-content.ftl"("en_IN", UTF-8, parsed) cached copy not yet stale; using cached.
[DEBUG] 2024-06-12 18:50:44,769 freemarker.cache debug - "spark/partials/standard-content.ftl"("en_IN", UTF-8, parsed) cached copy not yet stale; using cached.
[DEBUG] 2024-06-12 18:50:44,769 freemarker.cache debug - "spark/partials/standard-content.ftl"("en_IN", UTF-8, parsed) cached copy not yet stale; using cached.
[DEBUG] 2024-06-12 18:50:44,788 freemarker.cache debug - "spark/partials/standard-content.ftl"("en_IN", UTF-8, parsed) cached copy not yet stale; using cached.
[DEBUG] 2024-06-12 18:50:44,788 freemarker.cache debug - "spark/partials/exception.ftl"("en_IN", UTF-8, parsed) cached copy not yet stale; using cached.
[DEBUG] 2024-06-12 18:50:44,788 freemarker.cache debug - "spark/partials/category.ftl"("en_IN", UTF-8, parsed) cached copy not yet stale; using cached.
[DEBUG] 2024-06-12 18:50:44,788 freemarker.cache debug - "spark/partials/device.ftl"("en_IN", UTF-8, parsed) cached copy not yet stale; using cached.
[DEBUG] 2024-06-12 18:50:44,788 freemarker.cache debug - "spark/partials/author.ftl"("en_IN", UTF-8, parsed) cached copy not yet stale; using cached.
[DEBUG] 2024-06-12 18:50:44,788 freemarker.cache debug - "spark/partials/log.ftl"("en_IN", UTF-8, parsed) cached copy not yet stale; using cached.
[DEBUG] 2024-06-12 18:50:44,788 freemarker.cache debug - "spark/partials/dashboard.ftl"("en_IN", UTF-8, parsed) cached copy not yet stale; using cached.
[DEBUG] 2024-06-12 18:50:44,795 freemarker.cache debug - "spark/partials/scripts.ftl"("en_IN", UTF-8, parsed) cached copy not yet stale; using cached.
[DEBUG] 2024-06-12 18:50:44,795 freemarker.cache debug - "commons/commons-inject-js.ftl"("en_IN", UTF-8, parsed) cached copy not yet stale; using cached.
