[INFO] 2024-06-12 19:06:28,977 utils.LoggerHandler info - Goibibo report generated
[INFO] 2024-06-12 19:06:31,263 utils.LoggerHandler info - Chrome browser is set up
[INFO] 2024-06-12 19:06:35,787 utils.LoggerHandler info - Click on Popup Cancellation Button
[INFO] 2024-06-12 19:06:35,883 utils.LoggerHandler info - Click on Offers Pop up Cancellation Button
[INFO] 2024-06-12 19:06:35,967 utils.LoggerHandler info - Click on From Box
[INFO] 2024-06-12 19:06:36,523 utils.LoggerHandler info - Enter Mumbai
[INFO] 2024-06-12 19:06:37,613 utils.LoggerHandler info - Enter Mumbai
[INFO] 2024-06-12 19:06:37,797 utils.LoggerHandler info - Enter Delhi
[INFO] 2024-06-12 19:06:38,894 utils.LoggerHandler info - Press Enter on Delhi
[INFO] 2024-06-12 19:06:39,038 utils.LoggerHandler info - Click on Departure
[INFO] 2024-06-12 19:06:40,159 utils.LoggerHandler info - Click on 15th June
[INFO] 2024-06-12 19:06:40,296 utils.LoggerHandler info - Click on Return
[INFO] 2024-06-12 19:06:41,429 utils.LoggerHandler info - Click on 20th June
[INFO] 2024-06-12 19:06:41,541 utils.LoggerHandler info - Click on Travellers
[INFO] 2024-06-12 19:06:41,631 utils.LoggerHandler info - Increase Child Count 
[INFO] 2024-06-12 19:06:41,724 utils.LoggerHandler info - Click on Economy
[INFO] 2024-06-12 19:06:41,806 utils.LoggerHandler info - Click on Done
[INFO] 2024-06-12 19:06:42,569 utils.LoggerHandler info - Click on Search Flights
[INFO] 2024-06-12 19:06:42,586 utils.LoggerHandler info - Verify the Title
[INFO] 2024-06-12 19:06:44,516 utils.LoggerHandler info - Click on Trains
[INFO] 2024-06-12 19:06:46,741 utils.LoggerHandler info - Click on From Trains Box
[INFO] 2024-06-12 19:06:47,889 utils.LoggerHandler info - Enter Train From Mumbai
[INFO] 2024-06-12 19:06:48,943 utils.LoggerHandler info - Click on Mumbai
[INFO] 2024-06-12 19:06:50,004 utils.LoggerHandler info - Click on Trains to Box
[INFO] 2024-06-12 19:06:51,138 utils.LoggerHandler info - Enter Trains for Pune
[INFO] 2024-06-12 19:06:52,245 utils.LoggerHandler info - Click on Pune All Staions
[INFO] 2024-06-12 19:06:53,300 utils.LoggerHandler info - Click on 16th June
[INFO] 2024-06-12 19:06:53,402 utils.LoggerHandler info - Scroll to Search Trains & Click on it
[INFO] 2024-06-12 19:07:00,143 utils.LoggerHandler info - Click on Bus
[INFO] 2024-06-12 19:07:00,274 utils.LoggerHandler info - Click on Bus From
[INFO] 2024-06-12 19:07:00,416 utils.LoggerHandler info - Successfully entered Delhi
[INFO] 2024-06-12 19:07:01,499 utils.LoggerHandler info - Clicked on Delhi
[INFO] 2024-06-12 19:07:01,621 utils.LoggerHandler info - Clicked on 'Bus to'
[INFO] 2024-06-12 19:07:01,757 utils.LoggerHandler info - Entered Bus to Agra
[INFO] 2024-06-12 19:07:02,821 utils.LoggerHandler info - Click on Agra
[INFO] 2024-06-12 19:07:02,941 utils.LoggerHandler info - Click on Date
[INFO] 2024-06-12 19:07:04,055 utils.LoggerHandler info - Click on 17th June
[INFO] 2024-06-12 19:07:04,248 utils.LoggerHandler info - Click on Search Buses
[INFO] 2024-06-12 19:07:05,996 utils.LoggerHandler info - Click on Cabs
[INFO] 2024-06-12 19:07:06,203 utils.LoggerHandler info - Click on Airport
[INFO] 2024-06-12 19:07:06,326 utils.LoggerHandler info - Click on Cabs From
[INFO] 2024-06-12 19:07:06,466 utils.LoggerHandler info - Click on Delhi Airport
[INFO] 2024-06-12 19:07:07,614 utils.LoggerHandler info - Click on First Suggestion from Cabs
[INFO] 2024-06-12 19:07:07,718 utils.LoggerHandler info - Click on Cabs To
[INFO] 2024-06-12 19:07:07,906 utils.LoggerHandler info - Enter value Marriott Delhi
[INFO] 2024-06-12 19:07:09,040 utils.LoggerHandler info - Click on 1st suggestion from cabs
[INFO] 2024-06-12 19:07:09,173 utils.LoggerHandler info - Click on Pickup Date
[INFO] 2024-06-12 19:07:10,222 utils.LoggerHandler info - Click on 20th June
[INFO] 2024-06-12 19:07:10,325 utils.LoggerHandler info - Click on Search Cabs
[DEBUG] 2024-06-12 19:07:10,773 freemarker.cache debug - Couldn't find template in cache for "spark/spark.spa.ftl"("en_IN", UTF-8, parsed); will try to load it.
[DEBUG] 2024-06-12 19:07:10,773 freemarker.cache debug - TemplateLoader.findTemplateSource("spark/spark.spa_en_IN.ftl"): Not found
[DEBUG] 2024-06-12 19:07:10,788 freemarker.cache debug - TemplateLoader.findTemplateSource("spark/spark.spa_en.ftl"): Not found
[DEBUG] 2024-06-12 19:07:10,793 freemarker.cache debug - TemplateLoader.findTemplateSource("spark/spark.spa.ftl"): Found
[DEBUG] 2024-06-12 19:07:10,793 freemarker.cache debug - Loading template for "spark/spark.spa.ftl"("en_IN", UTF-8, parsed) from "jar:file:/C:/Users/10740061/.m2/repository/com/aventstack/extentreports/5.1.1/extentreports-5.1.1.jar!/com/aventstack/extentreports/templates/spark/spark.spa.ftl"
[DEBUG] 2024-06-12 19:07:10,963 freemarker.cache debug - Couldn't find template in cache for "commons/commons-variables.ftl"("en_IN", UTF-8, parsed); will try to load it.
[DEBUG] 2024-06-12 19:07:10,963 freemarker.cache debug - TemplateLoader.findTemplateSource("commons/commons-variables_en_IN.ftl"): Not found
[DEBUG] 2024-06-12 19:07:10,978 freemarker.cache debug - TemplateLoader.findTemplateSource("commons/commons-variables_en.ftl"): Not found
[DEBUG] 2024-06-12 19:07:10,978 freemarker.cache debug - TemplateLoader.findTemplateSource("commons/commons-variables.ftl"): Found
[DEBUG] 2024-06-12 19:07:10,978 freemarker.cache debug - Loading template for "commons/commons-variables.ftl"("en_IN", UTF-8, parsed) from "jar:file:/C:/Users/10740061/.m2/repository/com/aventstack/extentreports/5.1.1/extentreports-5.1.1.jar!/com/aventstack/extentreports/templates/commons/commons-variables.ftl"
[DEBUG] 2024-06-12 19:07:11,262 freemarker.cache debug - Couldn't find template in cache for "commons/commons-macros.ftl"("en_IN", UTF-8, parsed); will try to load it.
[DEBUG] 2024-06-12 19:07:11,262 freemarker.cache debug - TemplateLoader.findTemplateSource("commons/commons-macros_en_IN.ftl"): Not found
[DEBUG] 2024-06-12 19:07:11,278 freemarker.cache debug - TemplateLoader.findTemplateSource("commons/commons-macros_en.ftl"): Not found
[DEBUG] 2024-06-12 19:07:11,278 freemarker.cache debug - TemplateLoader.findTemplateSource("commons/commons-macros.ftl"): Found
[DEBUG] 2024-06-12 19:07:11,278 freemarker.cache debug - Loading template for "commons/commons-macros.ftl"("en_IN", UTF-8, parsed) from "jar:file:/C:/Users/10740061/.m2/repository/com/aventstack/extentreports/5.1.1/extentreports-5.1.1.jar!/com/aventstack/extentreports/templates/commons/commons-macros.ftl"
[DEBUG] 2024-06-12 19:07:11,310 freemarker.cache debug - Couldn't find template in cache for "spark/macros/attributes.ftl"("en_IN", UTF-8, parsed); will try to load it.
[DEBUG] 2024-06-12 19:07:11,310 freemarker.cache debug - TemplateLoader.findTemplateSource("spark/macros/attributes_en_IN.ftl"): Not found
[DEBUG] 2024-06-12 19:07:11,310 freemarker.cache debug - TemplateLoader.findTemplateSource("spark/macros/attributes_en.ftl"): Not found
[DEBUG] 2024-06-12 19:07:11,310 freemarker.cache debug - TemplateLoader.findTemplateSource("spark/macros/attributes.ftl"): Found
[DEBUG] 2024-06-12 19:07:11,310 freemarker.cache debug - Loading template for "spark/macros/attributes.ftl"("en_IN", UTF-8, parsed) from "jar:file:/C:/Users/10740061/.m2/repository/com/aventstack/extentreports/5.1.1/extentreports-5.1.1.jar!/com/aventstack/extentreports/templates/spark/macros/attributes.ftl"
[DEBUG] 2024-06-12 19:07:11,310 freemarker.cache debug - Couldn't find template in cache for "spark/macros/log.ftl"("en_IN", UTF-8, parsed); will try to load it.
[DEBUG] 2024-06-12 19:07:11,310 freemarker.cache debug - TemplateLoader.findTemplateSource("spark/macros/log_en_IN.ftl"): Not found
[DEBUG] 2024-06-12 19:07:11,325 freemarker.cache debug - TemplateLoader.findTemplateSource("spark/macros/log_en.ftl"): Not found
[DEBUG] 2024-06-12 19:07:11,325 freemarker.cache debug - TemplateLoader.findTemplateSource("spark/macros/log.ftl"): Found
[DEBUG] 2024-06-12 19:07:11,325 freemarker.cache debug - Loading template for "spark/macros/log.ftl"("en_IN", UTF-8, parsed) from "jar:file:/C:/Users/10740061/.m2/repository/com/aventstack/extentreports/5.1.1/extentreports-5.1.1.jar!/com/aventstack/extentreports/templates/spark/macros/log.ftl"
[DEBUG] 2024-06-12 19:07:11,325 freemarker.cache debug - Couldn't find template in cache for "spark/macros/recurse_nodes.ftl"("en_IN", UTF-8, parsed); will try to load it.
[DEBUG] 2024-06-12 19:07:11,325 freemarker.cache debug - TemplateLoader.findTemplateSource("spark/macros/recurse_nodes_en_IN.ftl"): Not found
[DEBUG] 2024-06-12 19:07:11,325 freemarker.cache debug - TemplateLoader.findTemplateSource("spark/macros/recurse_nodes_en.ftl"): Not found
[DEBUG] 2024-06-12 19:07:11,325 freemarker.cache debug - TemplateLoader.findTemplateSource("spark/macros/recurse_nodes.ftl"): Found
[DEBUG] 2024-06-12 19:07:11,341 freemarker.cache debug - Loading template for "spark/macros/recurse_nodes.ftl"("en_IN", UTF-8, parsed) from "jar:file:/C:/Users/10740061/.m2/repository/com/aventstack/extentreports/5.1.1/extentreports-5.1.1.jar!/com/aventstack/extentreports/templates/spark/macros/recurse_nodes.ftl"
[DEBUG] 2024-06-12 19:07:11,341 freemarker.cache debug - "spark/macros/log.ftl"("en_IN", UTF-8, parsed) cached copy not yet stale; using cached.
[DEBUG] 2024-06-12 19:07:11,341 freemarker.cache debug - Couldn't find template in cache for "spark/macros/attr-common.ftl"("en_IN", UTF-8, parsed); will try to load it.
[DEBUG] 2024-06-12 19:07:11,341 freemarker.cache debug - TemplateLoader.findTemplateSource("spark/macros/attr-common_en_IN.ftl"): Not found
[DEBUG] 2024-06-12 19:07:11,357 freemarker.cache debug - TemplateLoader.findTemplateSource("spark/macros/attr-common_en.ftl"): Not found
[DEBUG] 2024-06-12 19:07:11,357 freemarker.cache debug - TemplateLoader.findTemplateSource("spark/macros/attr-common.ftl"): Found
[DEBUG] 2024-06-12 19:07:11,357 freemarker.cache debug - Loading template for "spark/macros/attr-common.ftl"("en_IN", UTF-8, parsed) from "jar:file:/C:/Users/10740061/.m2/repository/com/aventstack/extentreports/5.1.1/extentreports-5.1.1.jar!/com/aventstack/extentreports/templates/spark/macros/attr-common.ftl"
[DEBUG] 2024-06-12 19:07:11,373 freemarker.cache debug - Couldn't find template in cache for "spark/partials/head.ftl"("en_IN", UTF-8, parsed); will try to load it.
[DEBUG] 2024-06-12 19:07:11,373 freemarker.cache debug - TemplateLoader.findTemplateSource("spark/partials/head_en_IN.ftl"): Not found
[DEBUG] 2024-06-12 19:07:11,373 freemarker.cache debug - TemplateLoader.findTemplateSource("spark/partials/head_en.ftl"): Not found
[DEBUG] 2024-06-12 19:07:11,373 freemarker.cache debug - TemplateLoader.findTemplateSource("spark/partials/head.ftl"): Found
[DEBUG] 2024-06-12 19:07:11,373 freemarker.cache debug - Loading template for "spark/partials/head.ftl"("en_IN", UTF-8, parsed) from "jar:file:/C:/Users/10740061/.m2/repository/com/aventstack/extentreports/5.1.1/extentreports-5.1.1.jar!/com/aventstack/extentreports/templates/spark/partials/head.ftl"
[DEBUG] 2024-06-12 19:07:11,388 freemarker.cache debug - Couldn't find template in cache for "commons/commons-inject-css.ftl"("en_IN", UTF-8, parsed); will try to load it.
[DEBUG] 2024-06-12 19:07:11,388 freemarker.cache debug - TemplateLoader.findTemplateSource("commons/commons-inject-css_en_IN.ftl"): Not found
[DEBUG] 2024-06-12 19:07:11,388 freemarker.cache debug - TemplateLoader.findTemplateSource("commons/commons-inject-css_en.ftl"): Not found
[DEBUG] 2024-06-12 19:07:11,394 freemarker.cache debug - TemplateLoader.findTemplateSource("commons/commons-inject-css.ftl"): Found
[DEBUG] 2024-06-12 19:07:11,394 freemarker.cache debug - Loading template for "commons/commons-inject-css.ftl"("en_IN", UTF-8, parsed) from "jar:file:/C:/Users/10740061/.m2/repository/com/aventstack/extentreports/5.1.1/extentreports-5.1.1.jar!/com/aventstack/extentreports/templates/commons/commons-inject-css.ftl"
[DEBUG] 2024-06-12 19:07:11,399 freemarker.cache debug - Couldn't find template in cache for "spark/partials/navbar.ftl"("en_IN", UTF-8, parsed); will try to load it.
[DEBUG] 2024-06-12 19:07:11,399 freemarker.cache debug - TemplateLoader.findTemplateSource("spark/partials/navbar_en_IN.ftl"): Not found
[DEBUG] 2024-06-12 19:07:11,399 freemarker.cache debug - TemplateLoader.findTemplateSource("spark/partials/navbar_en.ftl"): Not found
[DEBUG] 2024-06-12 19:07:11,399 freemarker.cache debug - TemplateLoader.findTemplateSource("spark/partials/navbar.ftl"): Found
[DEBUG] 2024-06-12 19:07:11,404 freemarker.cache debug - Loading template for "spark/partials/navbar.ftl"("en_IN", UTF-8, parsed) from "jar:file:/C:/Users/10740061/.m2/repository/com/aventstack/extentreports/5.1.1/extentreports-5.1.1.jar!/com/aventstack/extentreports/templates/spark/partials/navbar.ftl"
[DEBUG] 2024-06-12 19:07:11,423 freemarker.cache debug - Couldn't find template in cache for "spark/partials/sidenav.ftl"("en_IN", UTF-8, parsed); will try to load it.
[DEBUG] 2024-06-12 19:07:11,423 freemarker.cache debug - TemplateLoader.findTemplateSource("spark/partials/sidenav_en_IN.ftl"): Not found
[DEBUG] 2024-06-12 19:07:11,423 freemarker.cache debug - TemplateLoader.findTemplateSource("spark/partials/sidenav_en.ftl"): Not found
[DEBUG] 2024-06-12 19:07:11,423 freemarker.cache debug - TemplateLoader.findTemplateSource("spark/partials/sidenav.ftl"): Found
[DEBUG] 2024-06-12 19:07:11,423 freemarker.cache debug - Loading template for "spark/partials/sidenav.ftl"("en_IN", UTF-8, parsed) from "jar:file:/C:/Users/10740061/.m2/repository/com/aventstack/extentreports/5.1.1/extentreports-5.1.1.jar!/com/aventstack/extentreports/templates/spark/partials/sidenav.ftl"
[DEBUG] 2024-06-12 19:07:11,452 freemarker.cache debug - Couldn't find template in cache for "spark/partials/test.ftl"("en_IN", UTF-8, parsed); will try to load it.
[DEBUG] 2024-06-12 19:07:11,452 freemarker.cache debug - TemplateLoader.findTemplateSource("spark/partials/test_en_IN.ftl"): Not found
[DEBUG] 2024-06-12 19:07:11,452 freemarker.cache debug - TemplateLoader.findTemplateSource("spark/partials/test_en.ftl"): Not found
[DEBUG] 2024-06-12 19:07:11,452 freemarker.cache debug - TemplateLoader.findTemplateSource("spark/partials/test.ftl"): Found
[DEBUG] 2024-06-12 19:07:11,468 freemarker.cache debug - Loading template for "spark/partials/test.ftl"("en_IN", UTF-8, parsed) from "jar:file:/C:/Users/10740061/.m2/repository/com/aventstack/extentreports/5.1.1/extentreports-5.1.1.jar!/com/aventstack/extentreports/templates/spark/partials/test.ftl"
[DEBUG] 2024-06-12 19:07:11,499 freemarker.cache debug - Couldn't find template in cache for "spark/partials/standard-content.ftl"("en_IN", UTF-8, parsed); will try to load it.
[DEBUG] 2024-06-12 19:07:11,499 freemarker.cache debug - TemplateLoader.findTemplateSource("spark/partials/standard-content_en_IN.ftl"): Not found
[DEBUG] 2024-06-12 19:07:11,499 freemarker.cache debug - TemplateLoader.findTemplateSource("spark/partials/standard-content_en.ftl"): Not found
[DEBUG] 2024-06-12 19:07:11,499 freemarker.cache debug - TemplateLoader.findTemplateSource("spark/partials/standard-content.ftl"): Found
[DEBUG] 2024-06-12 19:07:11,499 freemarker.cache debug - Loading template for "spark/partials/standard-content.ftl"("en_IN", UTF-8, parsed) from "jar:file:/C:/Users/10740061/.m2/repository/com/aventstack/extentreports/5.1.1/extentreports-5.1.1.jar!/com/aventstack/extentreports/templates/spark/partials/standard-content.ftl"
[DEBUG] 2024-06-12 19:07:11,531 freemarker.cache debug - Couldn't find template in cache for "spark/partials/exception.ftl"("en_IN", UTF-8, parsed); will try to load it.
[DEBUG] 2024-06-12 19:07:11,531 freemarker.cache debug - TemplateLoader.findTemplateSource("spark/partials/exception_en_IN.ftl"): Not found
[DEBUG] 2024-06-12 19:07:11,531 freemarker.cache debug - TemplateLoader.findTemplateSource("spark/partials/exception_en.ftl"): Not found
[DEBUG] 2024-06-12 19:07:11,531 freemarker.cache debug - TemplateLoader.findTemplateSource("spark/partials/exception.ftl"): Found
[DEBUG] 2024-06-12 19:07:11,531 freemarker.cache debug - Loading template for "spark/partials/exception.ftl"("en_IN", UTF-8, parsed) from "jar:file:/C:/Users/10740061/.m2/repository/com/aventstack/extentreports/5.1.1/extentreports-5.1.1.jar!/com/aventstack/extentreports/templates/spark/partials/exception.ftl"
[DEBUG] 2024-06-12 19:07:11,531 freemarker.cache debug - Couldn't find template in cache for "spark/partials/category.ftl"("en_IN", UTF-8, parsed); will try to load it.
[DEBUG] 2024-06-12 19:07:11,531 freemarker.cache debug - TemplateLoader.findTemplateSource("spark/partials/category_en_IN.ftl"): Not found
[DEBUG] 2024-06-12 19:07:11,531 freemarker.cache debug - TemplateLoader.findTemplateSource("spark/partials/category_en.ftl"): Not found
[DEBUG] 2024-06-12 19:07:11,546 freemarker.cache debug - TemplateLoader.findTemplateSource("spark/partials/category.ftl"): Found
[DEBUG] 2024-06-12 19:07:11,546 freemarker.cache debug - Loading template for "spark/partials/category.ftl"("en_IN", UTF-8, parsed) from "jar:file:/C:/Users/10740061/.m2/repository/com/aventstack/extentreports/5.1.1/extentreports-5.1.1.jar!/com/aventstack/extentreports/templates/spark/partials/category.ftl"
[DEBUG] 2024-06-12 19:07:11,549 freemarker.cache debug - Couldn't find template in cache for "spark/partials/device.ftl"("en_IN", UTF-8, parsed); will try to load it.
[DEBUG] 2024-06-12 19:07:11,549 freemarker.cache debug - TemplateLoader.findTemplateSource("spark/partials/device_en_IN.ftl"): Not found
[DEBUG] 2024-06-12 19:07:11,549 freemarker.cache debug - TemplateLoader.findTemplateSource("spark/partials/device_en.ftl"): Not found
[DEBUG] 2024-06-12 19:07:11,549 freemarker.cache debug - TemplateLoader.findTemplateSource("spark/partials/device.ftl"): Found
[DEBUG] 2024-06-12 19:07:11,549 freemarker.cache debug - Loading template for "spark/partials/device.ftl"("en_IN", UTF-8, parsed) from "jar:file:/C:/Users/10740061/.m2/repository/com/aventstack/extentreports/5.1.1/extentreports-5.1.1.jar!/com/aventstack/extentreports/templates/spark/partials/device.ftl"
[DEBUG] 2024-06-12 19:07:11,549 freemarker.cache debug - Couldn't find template in cache for "spark/partials/author.ftl"("en_IN", UTF-8, parsed); will try to load it.
[DEBUG] 2024-06-12 19:07:11,562 freemarker.cache debug - TemplateLoader.findTemplateSource("spark/partials/author_en_IN.ftl"): Not found
[DEBUG] 2024-06-12 19:07:11,562 freemarker.cache debug - TemplateLoader.findTemplateSource("spark/partials/author_en.ftl"): Not found
[DEBUG] 2024-06-12 19:07:11,562 freemarker.cache debug - TemplateLoader.findTemplateSource("spark/partials/author.ftl"): Found
[DEBUG] 2024-06-12 19:07:11,562 freemarker.cache debug - Loading template for "spark/partials/author.ftl"("en_IN", UTF-8, parsed) from "jar:file:/C:/Users/10740061/.m2/repository/com/aventstack/extentreports/5.1.1/extentreports-5.1.1.jar!/com/aventstack/extentreports/templates/spark/partials/author.ftl"
[DEBUG] 2024-06-12 19:07:11,562 freemarker.cache debug - Couldn't find template in cache for "spark/partials/log.ftl"("en_IN", UTF-8, parsed); will try to load it.
[DEBUG] 2024-06-12 19:07:11,562 freemarker.cache debug - TemplateLoader.findTemplateSource("spark/partials/log_en_IN.ftl"): Not found
[DEBUG] 2024-06-12 19:07:11,562 freemarker.cache debug - TemplateLoader.findTemplateSource("spark/partials/log_en.ftl"): Not found
[DEBUG] 2024-06-12 19:07:11,562 freemarker.cache debug - TemplateLoader.findTemplateSource("spark/partials/log.ftl"): Found
[DEBUG] 2024-06-12 19:07:11,562 freemarker.cache debug - Loading template for "spark/partials/log.ftl"("en_IN", UTF-8, parsed) from "jar:file:/C:/Users/10740061/.m2/repository/com/aventstack/extentreports/5.1.1/extentreports-5.1.1.jar!/com/aventstack/extentreports/templates/spark/partials/log.ftl"
[DEBUG] 2024-06-12 19:07:11,562 freemarker.cache debug - Couldn't find template in cache for "spark/partials/dashboard.ftl"("en_IN", UTF-8, parsed); will try to load it.
[DEBUG] 2024-06-12 19:07:11,562 freemarker.cache debug - TemplateLoader.findTemplateSource("spark/partials/dashboard_en_IN.ftl"): Not found
[DEBUG] 2024-06-12 19:07:11,562 freemarker.cache debug - TemplateLoader.findTemplateSource("spark/partials/dashboard_en.ftl"): Not found
[DEBUG] 2024-06-12 19:07:11,578 freemarker.cache debug - TemplateLoader.findTemplateSource("spark/partials/dashboard.ftl"): Found
[DEBUG] 2024-06-12 19:07:11,578 freemarker.cache debug - Loading template for "spark/partials/dashboard.ftl"("en_IN", UTF-8, parsed) from "jar:file:/C:/Users/10740061/.m2/repository/com/aventstack/extentreports/5.1.1/extentreports-5.1.1.jar!/com/aventstack/extentreports/templates/spark/partials/dashboard.ftl"
[DEBUG] 2024-06-12 19:07:11,674 freemarker.cache debug - Couldn't find template in cache for "spark/partials/scripts.ftl"("en_IN", UTF-8, parsed); will try to load it.
[DEBUG] 2024-06-12 19:07:11,685 freemarker.cache debug - TemplateLoader.findTemplateSource("spark/partials/scripts_en_IN.ftl"): Not found
[DEBUG] 2024-06-12 19:07:11,685 freemarker.cache debug - TemplateLoader.findTemplateSource("spark/partials/scripts_en.ftl"): Not found
[DEBUG] 2024-06-12 19:07:11,685 freemarker.cache debug - TemplateLoader.findTemplateSource("spark/partials/scripts.ftl"): Found
[DEBUG] 2024-06-12 19:07:11,685 freemarker.cache debug - Loading template for "spark/partials/scripts.ftl"("en_IN", UTF-8, parsed) from "jar:file:/C:/Users/10740061/.m2/repository/com/aventstack/extentreports/5.1.1/extentreports-5.1.1.jar!/com/aventstack/extentreports/templates/spark/partials/scripts.ftl"
[DEBUG] 2024-06-12 19:07:11,689 freemarker.cache debug - Couldn't find template in cache for "commons/commons-inject-js.ftl"("en_IN", UTF-8, parsed); will try to load it.
[DEBUG] 2024-06-12 19:07:11,689 freemarker.cache debug - TemplateLoader.findTemplateSource("commons/commons-inject-js_en_IN.ftl"): Not found
[DEBUG] 2024-06-12 19:07:11,696 freemarker.cache debug - TemplateLoader.findTemplateSource("commons/commons-inject-js_en.ftl"): Not found
[DEBUG] 2024-06-12 19:07:11,697 freemarker.cache debug - TemplateLoader.findTemplateSource("commons/commons-inject-js.ftl"): Found
[DEBUG] 2024-06-12 19:07:11,697 freemarker.cache debug - Loading template for "commons/commons-inject-js.ftl"("en_IN", UTF-8, parsed) from "jar:file:/C:/Users/10740061/.m2/repository/com/aventstack/extentreports/5.1.1/extentreports-5.1.1.jar!/com/aventstack/extentreports/templates/commons/commons-inject-js.ftl"
[DEBUG] 2024-06-12 19:07:11,705 freemarker.cache debug - "spark/spark.spa.ftl"("en_IN", UTF-8, parsed) cached copy not yet stale; using cached.
[DEBUG] 2024-06-12 19:07:11,706 freemarker.cache debug - "commons/commons-variables.ftl"("en_IN", UTF-8, parsed) cached copy not yet stale; using cached.
[DEBUG] 2024-06-12 19:07:11,706 freemarker.cache debug - "commons/commons-macros.ftl"("en_IN", UTF-8, parsed) cached copy not yet stale; using cached.
[DEBUG] 2024-06-12 19:07:11,706 freemarker.cache debug - "spark/macros/attributes.ftl"("en_IN", UTF-8, parsed) cached copy not yet stale; using cached.
[DEBUG] 2024-06-12 19:07:11,706 freemarker.cache debug - "spark/macros/log.ftl"("en_IN", UTF-8, parsed) cached copy not yet stale; using cached.
[DEBUG] 2024-06-12 19:07:11,710 freemarker.cache debug - "spark/macros/recurse_nodes.ftl"("en_IN", UTF-8, parsed) cached copy not yet stale; using cached.
[DEBUG] 2024-06-12 19:07:11,710 freemarker.cache debug - "spark/macros/log.ftl"("en_IN", UTF-8, parsed) cached copy not yet stale; using cached.
[DEBUG] 2024-06-12 19:07:11,710 freemarker.cache debug - "spark/macros/attr-common.ftl"("en_IN", UTF-8, parsed) cached copy not yet stale; using cached.
[DEBUG] 2024-06-12 19:07:11,710 freemarker.cache debug - "spark/partials/head.ftl"("en_IN", UTF-8, parsed) cached copy not yet stale; using cached.
[DEBUG] 2024-06-12 19:07:11,715 freemarker.cache debug - "commons/commons-inject-css.ftl"("en_IN", UTF-8, parsed) cached copy not yet stale; using cached.
[DEBUG] 2024-06-12 19:07:11,715 freemarker.cache debug - "spark/partials/navbar.ftl"("en_IN", UTF-8, parsed) cached copy not yet stale; using cached.
[DEBUG] 2024-06-12 19:07:11,715 freemarker.cache debug - "spark/partials/sidenav.ftl"("en_IN", UTF-8, parsed) cached copy not yet stale; using cached.
[DEBUG] 2024-06-12 19:07:11,722 freemarker.cache debug - "spark/partials/test.ftl"("en_IN", UTF-8, parsed) cached copy not yet stale; using cached.
[DEBUG] 2024-06-12 19:07:11,722 freemarker.cache debug - "spark/partials/standard-content.ftl"("en_IN", UTF-8, parsed) cached copy not yet stale; using cached.
[DEBUG] 2024-06-12 19:07:11,722 freemarker.cache debug - "spark/partials/exception.ftl"("en_IN", UTF-8, parsed) cached copy not yet stale; using cached.
[DEBUG] 2024-06-12 19:07:11,733 freemarker.cache debug - "spark/partials/category.ftl"("en_IN", UTF-8, parsed) cached copy not yet stale; using cached.
[DEBUG] 2024-06-12 19:07:11,734 freemarker.cache debug - "spark/partials/device.ftl"("en_IN", UTF-8, parsed) cached copy not yet stale; using cached.
[DEBUG] 2024-06-12 19:07:11,734 freemarker.cache debug - "spark/partials/author.ftl"("en_IN", UTF-8, parsed) cached copy not yet stale; using cached.
[DEBUG] 2024-06-12 19:07:11,735 freemarker.cache debug - "spark/partials/log.ftl"("en_IN", UTF-8, parsed) cached copy not yet stale; using cached.
[DEBUG] 2024-06-12 19:07:11,735 freemarker.cache debug - "spark/partials/dashboard.ftl"("en_IN", UTF-8, parsed) cached copy not yet stale; using cached.
[DEBUG] 2024-06-12 19:07:11,738 freemarker.cache debug - "spark/partials/scripts.ftl"("en_IN", UTF-8, parsed) cached copy not yet stale; using cached.
[DEBUG] 2024-06-12 19:07:11,740 freemarker.cache debug - "commons/commons-inject-js.ftl"("en_IN", UTF-8, parsed) cached copy not yet stale; using cached.
